{"/home/travis/build/npmtest/node-npmtest-ng-tags-input/test.js":{"path":"/home/travis/build/npmtest/node-npmtest-ng-tags-input/test.js","s":{"1":2,"2":2,"3":2,"4":2,"5":2,"6":2,"7":2,"8":1,"9":2,"10":2,"11":1,"12":1,"13":1,"14":1,"15":2,"16":2,"17":2,"18":2,"19":1,"20":1,"21":2,"22":2,"23":2,"24":1,"25":1,"26":1,"27":1,"28":1,"29":1,"30":1,"31":1,"32":1,"33":1,"34":1,"35":1,"36":1,"37":1,"38":1,"39":2,"40":2,"41":1,"42":2,"43":2,"44":1,"45":2,"46":2,"47":1,"48":2,"49":2,"50":1,"51":1,"52":1,"53":1,"54":1},"b":{"1":[2,1,1,1],"2":[1,1,1,1],"3":[1,1],"4":[1,1],"5":[1,1],"6":[1,1],"7":[1,1],"8":[1,1],"9":[1,1],"10":[1,1,1],"11":[1,1],"12":[1,1],"13":[1,1],"14":[1,1],"15":[1,1],"16":[1,1],"17":[1,1]},"f":{"1":2,"2":2,"3":2,"4":2,"5":2,"6":1,"7":1,"8":1,"9":2,"10":2,"11":2,"12":2,"13":1},"fnMap":{"1":{"name":"(anonymous_1)","line":12,"loc":{"start":{"line":12,"column":1},"end":{"line":12,"column":13}}},"2":{"name":"(anonymous_2)","line":19,"loc":{"start":{"line":19,"column":5},"end":{"line":19,"column":17}}},"3":{"name":"(anonymous_3)","line":23,"loc":{"start":{"line":23,"column":24},"end":{"line":23,"column":36}}},"4":{"name":"(anonymous_4)","line":61,"loc":{"start":{"line":61,"column":5},"end":{"line":61,"column":17}}},"5":{"name":"(anonymous_5)","line":82,"loc":{"start":{"line":82,"column":5},"end":{"line":82,"column":17}}},"6":{"name":"(anonymous_6)","line":91,"loc":{"start":{"line":91,"column":77},"end":{"line":94,"column":10}}},"7":{"name":"(anonymous_7)","line":112,"loc":{"start":{"line":112,"column":83},"end":{"line":115,"column":10}},"skip":true},"8":{"name":"(anonymous_8)","line":123,"loc":{"start":{"line":123,"column":77},"end":{"line":126,"column":10}},"skip":true},"9":{"name":"(anonymous_9)","line":139,"loc":{"start":{"line":139,"column":12},"end":{"line":139,"column":40}},"skip":true},"10":{"name":"(anonymous_10)","line":147,"loc":{"start":{"line":147,"column":77},"end":{"line":150,"column":10}},"skip":true},"11":{"name":"(anonymous_11)","line":158,"loc":{"start":{"line":158,"column":83},"end":{"line":161,"column":10}},"skip":true},"12":{"name":"(anonymous_12)","line":169,"loc":{"start":{"line":169,"column":79},"end":{"line":172,"column":10}},"skip":true},"13":{"name":"(anonymous_13)","line":180,"loc":{"start":{"line":180,"column":75},"end":{"line":183,"column":10}},"skip":true}},"statementMap":{"1":{"start":{"line":12,"column":0},"end":{"line":195,"column":5}},"2":{"start":{"line":14,"column":4},"end":{"line":14,"column":14}},"3":{"start":{"line":19,"column":4},"end":{"line":56,"column":9}},"4":{"start":{"line":21,"column":8},"end":{"line":21,"column":19}},"5":{"start":{"line":23,"column":8},"end":{"line":35,"column":13}},"6":{"start":{"line":24,"column":12},"end":{"line":34,"column":13}},"7":{"start":{"line":25,"column":16},"end":{"line":28,"column":30}},"8":{"start":{"line":30,"column":16},"end":{"line":33,"column":27}},"9":{"start":{"line":37,"column":8},"end":{"line":39,"column":21}},"10":{"start":{"line":40,"column":8},"end":{"line":53,"column":9}},"11":{"start":{"line":43,"column":12},"end":{"line":46,"column":14}},"12":{"start":{"line":47,"column":12},"end":{"line":47,"column":18}},"13":{"start":{"line":50,"column":12},"end":{"line":51,"column":33}},"14":{"start":{"line":52,"column":12},"end":{"line":52,"column":18}},"15":{"start":{"line":55,"column":8},"end":{"line":55,"column":35}},"16":{"start":{"line":61,"column":4},"end":{"line":63,"column":9}},"17":{"start":{"line":62,"column":8},"end":{"line":62,"column":15}},"18":{"start":{"line":64,"column":4},"end":{"line":77,"column":5}},"19":{"start":{"line":70,"column":8},"end":{"line":70,"column":14}},"20":{"start":{"line":76,"column":8},"end":{"line":76,"column":14}},"21":{"start":{"line":82,"column":4},"end":{"line":84,"column":9}},"22":{"start":{"line":83,"column":8},"end":{"line":83,"column":15}},"23":{"start":{"line":85,"column":4},"end":{"line":194,"column":5}},"24":{"start":{"line":91,"column":8},"end":{"line":99,"column":10}},"25":{"start":{"line":98,"column":12},"end":{"line":98,"column":35}},"26":{"start":{"line":102,"column":8},"end":{"line":104,"column":63}},"27":{"start":{"line":105,"column":8},"end":{"line":105,"column":14}},"28":{"start":{"line":112,"column":8},"end":{"line":121,"column":10},"skip":true},"29":{"start":{"line":119,"column":12},"end":{"line":119,"column":55},"skip":true},"30":{"start":{"line":120,"column":12},"end":{"line":120,"column":48},"skip":true},"31":{"start":{"line":123,"column":8},"end":{"line":136,"column":10},"skip":true},"32":{"start":{"line":130,"column":12},"end":{"line":130,"column":76},"skip":true},"33":{"start":{"line":131,"column":12},"end":{"line":131,"column":73},"skip":true},"34":{"start":{"line":132,"column":12},"end":{"line":132,"column":74},"skip":true},"35":{"start":{"line":133,"column":12},"end":{"line":133,"column":79},"skip":true},"36":{"start":{"line":134,"column":12},"end":{"line":134,"column":25},"skip":true},"37":{"start":{"line":135,"column":12},"end":{"line":135,"column":45},"skip":true},"38":{"start":{"line":138,"column":8},"end":{"line":145,"column":14},"skip":true},"39":{"start":{"line":143,"column":16},"end":{"line":143,"column":29},"skip":true},"40":{"start":{"line":144,"column":16},"end":{"line":144,"column":55},"skip":true},"41":{"start":{"line":147,"column":8},"end":{"line":156,"column":10},"skip":true},"42":{"start":{"line":154,"column":12},"end":{"line":154,"column":25},"skip":true},"43":{"start":{"line":155,"column":12},"end":{"line":155,"column":45},"skip":true},"44":{"start":{"line":158,"column":8},"end":{"line":167,"column":10},"skip":true},"45":{"start":{"line":165,"column":12},"end":{"line":165,"column":25},"skip":true},"46":{"start":{"line":166,"column":12},"end":{"line":166,"column":48},"skip":true},"47":{"start":{"line":169,"column":8},"end":{"line":178,"column":10},"skip":true},"48":{"start":{"line":176,"column":12},"end":{"line":176,"column":25},"skip":true},"49":{"start":{"line":177,"column":12},"end":{"line":177,"column":46},"skip":true},"50":{"start":{"line":180,"column":8},"end":{"line":189,"column":10},"skip":true},"51":{"start":{"line":187,"column":12},"end":{"line":187,"column":94},"skip":true},"52":{"start":{"line":188,"column":12},"end":{"line":188,"column":48},"skip":true},"53":{"start":{"line":192,"column":8},"end":{"line":192,"column":35},"skip":true},"54":{"start":{"line":193,"column":8},"end":{"line":193,"column":14},"skip":true}},"branchMap":{"1":{"line":25,"type":"binary-expr","locations":[{"start":{"line":25,"column":23},"end":{"line":25,"column":62}},{"start":{"line":26,"column":20},"end":{"line":26,"column":70}},{"start":{"line":27,"column":20},"end":{"line":27,"column":71}},{"start":{"line":28,"column":20},"end":{"line":28,"column":29}}]},"2":{"line":30,"type":"binary-expr","locations":[{"start":{"line":30,"column":23},"end":{"line":30,"column":37}},{"start":{"line":31,"column":20},"end":{"line":31,"column":61}},{"start":{"line":32,"column":20},"end":{"line":32,"column":70}},{"start":{"line":33,"column":20},"end":{"line":33,"column":26}}]},"3":{"line":37,"type":"cond-expr","locations":[{"start":{"line":38,"column":14},"end":{"line":38,"column":20}},{"start":{"line":39,"column":14},"end":{"line":39,"column":20}}]},"4":{"line":40,"type":"switch","locations":[{"start":{"line":42,"column":8},"end":{"line":47,"column":18}},{"start":{"line":49,"column":8},"end":{"line":52,"column":18}}]},"5":{"line":44,"type":"binary-expr","locations":[{"start":{"line":44,"column":16},"end":{"line":44,"column":44}},{"start":{"line":44,"column":48},"end":{"line":44,"column":66}}]},"6":{"line":50,"type":"binary-expr","locations":[{"start":{"line":50,"column":21},"end":{"line":50,"column":49}},{"start":{"line":50,"column":53},"end":{"line":50,"column":72}}]},"7":{"line":64,"type":"switch","locations":[{"start":{"line":69,"column":4},"end":{"line":70,"column":14}},{"start":{"line":75,"column":4},"end":{"line":76,"column":14}}]},"8":{"line":85,"type":"switch","locations":[{"start":{"line":90,"column":4},"end":{"line":105,"column":14}},{"start":{"line":111,"column":4},"end":{"line":193,"column":14},"skip":true}]},"9":{"line":91,"type":"binary-expr","locations":[{"start":{"line":91,"column":42},"end":{"line":91,"column":73}},{"start":{"line":91,"column":77},"end":{"line":99,"column":9}}]},"10":{"line":102,"type":"binary-expr","locations":[{"start":{"line":102,"column":18},"end":{"line":102,"column":32}},{"start":{"line":103,"column":12},"end":{"line":103,"column":53}},{"start":{"line":104,"column":12},"end":{"line":104,"column":61}}]},"11":{"line":112,"type":"binary-expr","locations":[{"start":{"line":112,"column":45},"end":{"line":112,"column":79},"skip":true},{"start":{"line":112,"column":83},"end":{"line":121,"column":9},"skip":true}]},"12":{"line":123,"type":"binary-expr","locations":[{"start":{"line":123,"column":42},"end":{"line":123,"column":73},"skip":true},{"start":{"line":123,"column":77},"end":{"line":136,"column":9},"skip":true}]},"13":{"line":138,"type":"binary-expr","locations":[{"start":{"line":138,"column":48},"end":{"line":138,"column":85},"skip":true},{"start":{"line":139,"column":12},"end":{"line":145,"column":13},"skip":true}]},"14":{"line":147,"type":"binary-expr","locations":[{"start":{"line":147,"column":42},"end":{"line":147,"column":73},"skip":true},{"start":{"line":147,"column":77},"end":{"line":156,"column":9},"skip":true}]},"15":{"line":158,"type":"binary-expr","locations":[{"start":{"line":158,"column":45},"end":{"line":158,"column":79},"skip":true},{"start":{"line":158,"column":83},"end":{"line":167,"column":9},"skip":true}]},"16":{"line":169,"type":"binary-expr","locations":[{"start":{"line":169,"column":43},"end":{"line":169,"column":75},"skip":true},{"start":{"line":169,"column":79},"end":{"line":178,"column":9},"skip":true}]},"17":{"line":180,"type":"binary-expr","locations":[{"start":{"line":180,"column":41},"end":{"line":180,"column":71},"skip":true},{"start":{"line":180,"column":75},"end":{"line":189,"column":9},"skip":true}]}},"code":["/* istanbul instrument in package npmtest_ng_tags_input */","/*jslint","    bitwise: true,","    browser: true,","    maxerr: 8,","    maxlen: 96,","    node: true,","    nomen: true,","    regexp: true,","    stupid: true","*/","(function () {","    'use strict';","    var local;","","","","    // run shared js-env code - pre-init","    (function () {","        // init local","        local = {};","        // init modeJs","        local.modeJs = (function () {","            try {","                return typeof navigator.userAgent === 'string' &&","                    typeof document.querySelector('body') === 'object' &&","                    typeof XMLHttpRequest.prototype.open === 'function' &&","                    'browser';","            } catch (errorCaughtBrowser) {","                return module.exports &&","                    typeof process.versions.node === 'string' &&","                    typeof require('http').createServer === 'function' &&","                    'node';","            }","        }());","        // init global","        local.global = local.modeJs === 'browser'","            ? window","            : global;","        switch (local.modeJs) {","        // re-init local from window.local","        case 'browser':","            local = local.global.utility2.objectSetDefault(","                local.global.utility2_rollup || local.global.local,","                local.global.utility2","            );","            break;","        // re-init local from example.js","        case 'node':","            local = (local.global.utility2_rollup || require('utility2'))","                .requireReadme();","            break;","        }","        // export local","        local.global.local = local;","    }());","","","","    // run shared js-env code - function","    (function () {","        return;","    }());","    switch (local.modeJs) {","","","","    // run browser js-env code - function","    case 'browser':","        break;","","","","    // run node js-env code - function","    case 'node':","        break;","    }","","","","    // run shared js-env code - post-init","    (function () {","        return;","    }());","    switch (local.modeJs) {","","","","    // run browser js-env code - post-init","    case 'browser':","        local.testCase_browser_nullCase = local.testCase_browser_nullCase || function (","            options,","            onError","        ) {","        /*","         * this function will test browsers's null-case handling-behavior-behavior","         */","            onError(null, options);","        };","","        // run tests","        local.nop(local.modeTest &&","            document.querySelector('#testRunButton1') &&","            document.querySelector('#testRunButton1').click());","        break;","","","","    // run node js-env code - post-init","    /* istanbul ignore next */","    case 'node':","        local.testCase_buildApidoc_default = local.testCase_buildApidoc_default || function (","            options,","            onError","        ) {","        /*","         * this function will test buildApidoc's default handling-behavior-behavior","         */","            options = { modulePathList: module.paths };","            local.buildApidoc(options, onError);","        };","","        local.testCase_buildApp_default = local.testCase_buildApp_default || function (","            options,","            onError","        ) {","        /*","         * this function will test buildApp's default handling-behavior-behavior","         */","            local.testCase_buildReadme_default(options, local.onErrorThrow);","            local.testCase_buildLib_default(options, local.onErrorThrow);","            local.testCase_buildTest_default(options, local.onErrorThrow);","            local.testCase_buildCustomOrg_default(options, local.onErrorThrow);","            options = [];","            local.buildApp(options, onError);","        };","","        local.testCase_buildCustomOrg_default = local.testCase_buildCustomOrg_default ||","            function (options, onError) {","            /*","             * this function will test buildCustomOrg's default handling-behavior","             */","                options = {};","                local.buildCustomOrg(options, onError);","            };","","        local.testCase_buildLib_default = local.testCase_buildLib_default || function (","            options,","            onError","        ) {","        /*","         * this function will test buildLib's default handling-behavior","         */","            options = {};","            local.buildLib(options, onError);","        };","","        local.testCase_buildReadme_default = local.testCase_buildReadme_default || function (","            options,","            onError","        ) {","        /*","         * this function will test buildReadme's default handling-behavior-behavior","         */","            options = {};","            local.buildReadme(options, onError);","        };","","        local.testCase_buildTest_default = local.testCase_buildTest_default || function (","            options,","            onError","        ) {","        /*","         * this function will test buildTest's default handling-behavior","         */","            options = {};","            local.buildTest(options, onError);","        };","","        local.testCase_webpage_default = local.testCase_webpage_default || function (","            options,","            onError","        ) {","        /*","         * this function will test webpage's default handling-behavior","         */","            options = { modeCoverageMerge: true, url: local.serverLocalHost + '?modeTest=1' };","            local.browserTest(options, onError);","        };","","        // run test-server","        local.testRunServer(local);","        break;","    }","}());",""],"l":{"12":2,"14":2,"19":2,"21":2,"23":2,"24":2,"25":2,"30":1,"37":2,"40":2,"43":1,"47":1,"50":1,"52":1,"55":2,"61":2,"62":2,"64":2,"70":1,"76":1,"82":2,"83":2,"85":2,"91":1,"98":1,"102":1,"105":1,"112":1,"119":1,"120":1,"123":1,"130":1,"131":1,"132":1,"133":1,"134":1,"135":1,"138":1,"143":2,"144":2,"147":1,"154":2,"155":2,"158":1,"165":2,"166":2,"169":1,"176":2,"177":2,"180":1,"187":1,"188":1,"192":1,"193":1}},"/home/travis/build/npmtest/node-npmtest-ng-tags-input/lib.npmtest_ng_tags_input.js":{"path":"/home/travis/build/npmtest/node-npmtest-ng-tags-input/lib.npmtest_ng_tags_input.js","s":{"1":2,"2":2,"3":2,"4":2,"5":2,"6":2,"7":2,"8":1,"9":2,"10":2,"11":2,"12":2,"13":1,"14":1,"15":1,"16":1},"b":{"1":[2,1,1,1],"2":[1,1,1,1],"3":[1,1],"4":[2,2],"5":[1,1]},"f":{"1":2,"2":2,"3":2},"fnMap":{"1":{"name":"(anonymous_1)","line":12,"loc":{"start":{"line":12,"column":1},"end":{"line":12,"column":13}}},"2":{"name":"(anonymous_2)","line":19,"loc":{"start":{"line":19,"column":5},"end":{"line":19,"column":17}}},"3":{"name":"(anonymous_3)","line":23,"loc":{"start":{"line":23,"column":24},"end":{"line":23,"column":36}}}},"statementMap":{"1":{"start":{"line":12,"column":0},"end":{"line":53,"column":5}},"2":{"start":{"line":14,"column":4},"end":{"line":14,"column":14}},"3":{"start":{"line":19,"column":4},"end":{"line":52,"column":9}},"4":{"start":{"line":21,"column":8},"end":{"line":21,"column":19}},"5":{"start":{"line":23,"column":8},"end":{"line":35,"column":13}},"6":{"start":{"line":24,"column":12},"end":{"line":34,"column":13}},"7":{"start":{"line":25,"column":16},"end":{"line":28,"column":30}},"8":{"start":{"line":30,"column":16},"end":{"line":33,"column":27}},"9":{"start":{"line":37,"column":8},"end":{"line":39,"column":21}},"10":{"start":{"line":41,"column":8},"end":{"line":41,"column":54}},"11":{"start":{"line":43,"column":8},"end":{"line":43,"column":58}},"12":{"start":{"line":45,"column":8},"end":{"line":51,"column":9}},"13":{"start":{"line":46,"column":12},"end":{"line":46,"column":64}},"14":{"start":{"line":48,"column":12},"end":{"line":48,"column":35}},"15":{"start":{"line":49,"column":12},"end":{"line":49,"column":49}},"16":{"start":{"line":50,"column":12},"end":{"line":50,"column":43}}},"branchMap":{"1":{"line":25,"type":"binary-expr","locations":[{"start":{"line":25,"column":23},"end":{"line":25,"column":62}},{"start":{"line":26,"column":20},"end":{"line":26,"column":70}},{"start":{"line":27,"column":20},"end":{"line":27,"column":71}},{"start":{"line":28,"column":20},"end":{"line":28,"column":29}}]},"2":{"line":30,"type":"binary-expr","locations":[{"start":{"line":30,"column":23},"end":{"line":30,"column":37}},{"start":{"line":31,"column":20},"end":{"line":31,"column":61}},{"start":{"line":32,"column":20},"end":{"line":32,"column":70}},{"start":{"line":33,"column":20},"end":{"line":33,"column":26}}]},"3":{"line":37,"type":"cond-expr","locations":[{"start":{"line":38,"column":14},"end":{"line":38,"column":20}},{"start":{"line":39,"column":14},"end":{"line":39,"column":20}}]},"4":{"line":41,"type":"binary-expr","locations":[{"start":{"line":41,"column":16},"end":{"line":41,"column":44}},{"start":{"line":41,"column":48},"end":{"line":41,"column":53}}]},"5":{"line":45,"type":"if","locations":[{"start":{"line":45,"column":8},"end":{"line":45,"column":8}},{"start":{"line":45,"column":8},"end":{"line":45,"column":8}}]}},"code":["/* istanbul instrument in package npmtest_ng_tags_input */","/*jslint","    bitwise: true,","    browser: true,","    maxerr: 8,","    maxlen: 96,","    node: true,","    nomen: true,","    regexp: true,","    stupid: true","*/","(function () {","    'use strict';","    var local;","","","","    // run shared js-env code - pre-init","    (function () {","        // init local","        local = {};","        // init modeJs","        local.modeJs = (function () {","            try {","                return typeof navigator.userAgent === 'string' &&","                    typeof document.querySelector('body') === 'object' &&","                    typeof XMLHttpRequest.prototype.open === 'function' &&","                    'browser';","            } catch (errorCaughtBrowser) {","                return module.exports &&","                    typeof process.versions.node === 'string' &&","                    typeof require('http').createServer === 'function' &&","                    'node';","            }","        }());","        // init global","        local.global = local.modeJs === 'browser'","            ? window","            : global;","        // init utility2_rollup","        local = local.global.utility2_rollup || local;","        // init lib","        local.local = local.npmtest_ng_tags_input = local;","        // init exports","        if (local.modeJs === 'browser') {","            local.global.utility2_npmtest_ng_tags_input = local;","        } else {","            module.exports = local;","            module.exports.__dirname = __dirname;","            module.exports.module = module;","        }","    }());","}());",""],"l":{"12":2,"14":2,"19":2,"21":2,"23":2,"24":2,"25":2,"30":1,"37":2,"41":2,"43":2,"45":2,"46":1,"48":1,"49":1,"50":1}},"/home/travis/build/npmtest/node-npmtest-ng-tags-input/example.js":{"path":"/home/travis/build/npmtest/node-npmtest-ng-tags-input/example.js","s":{"1":2,"2":2,"3":2,"4":2,"5":2,"6":2,"7":2,"8":1,"9":2,"10":2,"11":2,"12":2,"13":1,"14":2,"15":2,"16":2,"17":2,"18":2,"19":0,"20":2,"21":1,"22":1,"23":1,"24":1,"25":1,"26":0,"27":0,"28":1,"29":1,"30":2,"31":0,"32":0,"33":0,"34":1,"35":2,"36":2,"37":3,"38":3,"39":3,"40":3,"41":0,"42":3,"43":3,"44":3,"45":1,"46":3,"47":1,"48":1,"49":1,"50":1,"51":1,"52":1,"53":1,"54":1,"55":1,"56":1,"57":0,"58":1,"59":6,"60":6,"61":1,"62":2,"63":0,"64":2,"65":1,"66":1,"67":0,"68":0,"69":0,"70":0,"71":0,"72":0,"73":0,"74":0,"75":0,"76":0,"77":0,"78":0,"79":0,"80":0,"81":0,"82":0,"83":0},"b":{"1":[2,1,1,1],"2":[1,1,1,1],"3":[1,1],"4":[2,2],"5":[1,1],"6":[1,1],"7":[2,0],"8":[2,1,1,1,1,1],"9":[0,2,0],"10":[1,1],"11":[2,1,1],"12":[1,0],"13":[0,2],"14":[2,0,0,0,0,0,0],"15":[0,3],"16":[3,0],"17":[1,1],"18":[0,1],"19":[1,2,0,2],"20":[1,0],"21":[1,1],"22":[0,0],"23":[0,0],"24":[0,0],"25":[0,0],"26":[0,0],"27":[0,0],"28":[0,0]},"f":{"1":2,"2":2,"3":2,"4":2,"5":2,"6":2,"7":3,"8":3,"9":3,"10":1,"11":6,"12":0},"fnMap":{"1":{"name":"(anonymous_1)","line":26,"loc":{"start":{"line":26,"column":1},"end":{"line":26,"column":13}}},"2":{"name":"(anonymous_2)","line":33,"loc":{"start":{"line":33,"column":5},"end":{"line":33,"column":17}}},"3":{"name":"(anonymous_3)","line":37,"loc":{"start":{"line":37,"column":24},"end":{"line":37,"column":36}}},"4":{"name":"(anonymous_4)","line":69,"loc":{"start":{"line":69,"column":31},"end":{"line":69,"column":48}},"skip":true},"5":{"name":"(anonymous_5)","line":78,"loc":{"start":{"line":78,"column":26},"end":{"line":78,"column":45}},"skip":true},"6":{"name":"(anonymous_6)","line":123,"loc":{"start":{"line":123,"column":33},"end":{"line":123,"column":48}},"skip":true},"7":{"name":"(anonymous_7)","line":125,"loc":{"start":{"line":125,"column":27},"end":{"line":125,"column":39}},"skip":true},"8":{"name":"(anonymous_8)","line":133,"loc":{"start":{"line":133,"column":59},"end":{"line":133,"column":74}},"skip":true},"9":{"name":"(anonymous_9)","line":143,"loc":{"start":{"line":143,"column":45},"end":{"line":143,"column":62}},"skip":true},"10":{"name":"(anonymous_10)","line":144,"loc":{"start":{"line":144,"column":73},"end":{"line":144,"column":92}},"skip":true},"11":{"name":"(anonymous_11)","line":272,"loc":{"start":{"line":272,"column":51},"end":{"line":272,"column":77}},"skip":true},"12":{"name":"(anonymous_12)","line":315,"loc":{"start":{"line":315,"column":32},"end":{"line":315,"column":61}},"skip":true}},"statementMap":{"1":{"start":{"line":26,"column":0},"end":{"line":326,"column":5}},"2":{"start":{"line":28,"column":4},"end":{"line":28,"column":14}},"3":{"start":{"line":33,"column":4},"end":{"line":60,"column":9}},"4":{"start":{"line":35,"column":8},"end":{"line":35,"column":19}},"5":{"start":{"line":37,"column":8},"end":{"line":49,"column":13}},"6":{"start":{"line":38,"column":12},"end":{"line":48,"column":13}},"7":{"start":{"line":39,"column":16},"end":{"line":42,"column":30}},"8":{"start":{"line":44,"column":16},"end":{"line":47,"column":27}},"9":{"start":{"line":51,"column":8},"end":{"line":53,"column":21}},"10":{"start":{"line":55,"column":8},"end":{"line":57,"column":45}},"11":{"start":{"line":59,"column":8},"end":{"line":59,"column":35}},"12":{"start":{"line":61,"column":4},"end":{"line":325,"column":5}},"13":{"start":{"line":69,"column":8},"end":{"line":121,"column":10},"skip":true},"14":{"start":{"line":70,"column":12},"end":{"line":88,"column":13},"skip":true},"15":{"start":{"line":76,"column":16},"end":{"line":87,"column":19},"skip":true},"16":{"start":{"line":79,"column":20},"end":{"line":86,"column":21},"skip":true},"17":{"start":{"line":82,"column":24},"end":{"line":82,"column":43},"skip":true},"18":{"start":{"line":83,"column":24},"end":{"line":83,"column":30},"skip":true},"19":{"start":{"line":85,"column":24},"end":{"line":85,"column":49},"skip":true},"20":{"start":{"line":89,"column":12},"end":{"line":107,"column":13},"skip":true},"21":{"start":{"line":92,"column":16},"end":{"line":102,"column":17},"skip":true},"22":{"start":{"line":93,"column":20},"end":{"line":93,"column":86},"skip":true},"23":{"start":{"line":94,"column":20},"end":{"line":95,"column":45},"skip":true},"24":{"start":{"line":96,"column":20},"end":{"line":96,"column":42},"skip":true},"25":{"start":{"line":97,"column":20},"end":{"line":97,"column":48},"skip":true},"26":{"start":{"line":100,"column":20},"end":{"line":100,"column":85},"skip":true},"27":{"start":{"line":101,"column":20},"end":{"line":101,"column":96},"skip":true},"28":{"start":{"line":103,"column":16},"end":{"line":103,"column":22},"skip":true},"29":{"start":{"line":106,"column":16},"end":{"line":106,"column":22},"skip":true},"30":{"start":{"line":108,"column":12},"end":{"line":120,"column":13},"skip":true},"31":{"start":{"line":114,"column":16},"end":{"line":119,"column":17},"skip":true},"32":{"start":{"line":116,"column":20},"end":{"line":116,"column":78},"skip":true},"33":{"start":{"line":118,"column":20},"end":{"line":118,"column":47},"skip":true},"34":{"start":{"line":123,"column":8},"end":{"line":141,"column":11},"skip":true},"35":{"start":{"line":124,"column":12},"end":{"line":124,"column":54},"skip":true},"36":{"start":{"line":125,"column":12},"end":{"line":140,"column":14},"skip":true},"37":{"start":{"line":126,"column":16},"end":{"line":126,"column":28},"skip":true},"38":{"start":{"line":127,"column":16},"end":{"line":127,"column":69},"skip":true},"39":{"start":{"line":128,"column":16},"end":{"line":128,"column":75},"skip":true},"40":{"start":{"line":129,"column":16},"end":{"line":131,"column":17},"skip":true},"41":{"start":{"line":130,"column":20},"end":{"line":130,"column":27},"skip":true},"42":{"start":{"line":133,"column":16},"end":{"line":137,"column":36},"skip":true},"43":{"start":{"line":134,"column":20},"end":{"line":136,"column":55},"skip":true},"44":{"start":{"line":139,"column":16},"end":{"line":139,"column":57},"skip":true},"45":{"start":{"line":143,"column":8},"end":{"line":147,"column":11},"skip":true},"46":{"start":{"line":144,"column":12},"end":{"line":146,"column":15},"skip":true},"47":{"start":{"line":145,"column":16},"end":{"line":145,"column":70},"skip":true},"48":{"start":{"line":149,"column":8},"end":{"line":149,"column":31},"skip":true},"49":{"start":{"line":150,"column":8},"end":{"line":150,"column":14},"skip":true},"50":{"start":{"line":158,"column":8},"end":{"line":158,"column":31},"skip":true},"51":{"start":{"line":160,"column":8},"end":{"line":160,"column":33},"skip":true},"52":{"start":{"line":161,"column":8},"end":{"line":161,"column":37},"skip":true},"53":{"start":{"line":162,"column":8},"end":{"line":162,"column":35},"skip":true},"54":{"start":{"line":164,"column":8},"end":{"line":164,"column":50},"skip":true},"55":{"start":{"line":166,"column":8},"end":{"line":256,"column":2},"skip":true},"56":{"start":{"line":258,"column":8},"end":{"line":286,"column":9},"skip":true},"57":{"start":{"line":259,"column":12},"end":{"line":269,"column":14},"skip":true},"58":{"start":{"line":271,"column":12},"end":{"line":285,"column":19},"skip":true},"59":{"start":{"line":274,"column":20},"end":{"line":274,"column":35},"skip":true},"60":{"start":{"line":275,"column":20},"end":{"line":284,"column":21},"skip":true},"61":{"start":{"line":277,"column":24},"end":{"line":277,"column":64},"skip":true},"62":{"start":{"line":279,"column":24},"end":{"line":279,"column":40},"skip":true},"63":{"start":{"line":281,"column":24},"end":{"line":281,"column":40},"skip":true},"64":{"start":{"line":283,"column":24},"end":{"line":283,"column":39},"skip":true},"65":{"start":{"line":288,"column":8},"end":{"line":290,"column":9},"skip":true},"66":{"start":{"line":289,"column":12},"end":{"line":289,"column":18},"skip":true},"67":{"start":{"line":291,"column":8},"end":{"line":293,"column":54},"skip":true},"68":{"start":{"line":296,"column":8},"end":{"line":301,"column":37},"skip":true},"69":{"start":{"line":303,"column":8},"end":{"line":303,"column":82},"skip":true},"70":{"start":{"line":306,"column":8},"end":{"line":308,"column":9},"skip":true},"71":{"start":{"line":307,"column":12},"end":{"line":307,"column":82},"skip":true},"72":{"start":{"line":310,"column":8},"end":{"line":312,"column":9},"skip":true},"73":{"start":{"line":311,"column":12},"end":{"line":311,"column":18},"skip":true},"74":{"start":{"line":313,"column":8},"end":{"line":313,"column":54},"skip":true},"75":{"start":{"line":314,"column":8},"end":{"line":314,"column":69},"skip":true},"76":{"start":{"line":315,"column":8},"end":{"line":323,"column":36},"skip":true},"77":{"start":{"line":316,"column":12},"end":{"line":316,"column":61},"skip":true},"78":{"start":{"line":317,"column":12},"end":{"line":320,"column":13},"skip":true},"79":{"start":{"line":318,"column":16},"end":{"line":318,"column":75},"skip":true},"80":{"start":{"line":319,"column":16},"end":{"line":319,"column":23},"skip":true},"81":{"start":{"line":321,"column":12},"end":{"line":321,"column":38},"skip":true},"82":{"start":{"line":322,"column":12},"end":{"line":322,"column":27},"skip":true},"83":{"start":{"line":324,"column":8},"end":{"line":324,"column":14},"skip":true}},"branchMap":{"1":{"line":39,"type":"binary-expr","locations":[{"start":{"line":39,"column":23},"end":{"line":39,"column":62}},{"start":{"line":40,"column":20},"end":{"line":40,"column":70}},{"start":{"line":41,"column":20},"end":{"line":41,"column":71}},{"start":{"line":42,"column":20},"end":{"line":42,"column":29}}]},"2":{"line":44,"type":"binary-expr","locations":[{"start":{"line":44,"column":23},"end":{"line":44,"column":37}},{"start":{"line":45,"column":20},"end":{"line":45,"column":61}},{"start":{"line":46,"column":20},"end":{"line":46,"column":70}},{"start":{"line":47,"column":20},"end":{"line":47,"column":26}}]},"3":{"line":51,"type":"cond-expr","locations":[{"start":{"line":52,"column":14},"end":{"line":52,"column":20}},{"start":{"line":53,"column":14},"end":{"line":53,"column":20}}]},"4":{"line":55,"type":"binary-expr","locations":[{"start":{"line":55,"column":16},"end":{"line":55,"column":44}},{"start":{"line":55,"column":49},"end":{"line":57,"column":43}}]},"5":{"line":55,"type":"cond-expr","locations":[{"start":{"line":56,"column":14},"end":{"line":56,"column":57}},{"start":{"line":57,"column":14},"end":{"line":57,"column":43}}]},"6":{"line":61,"type":"switch","locations":[{"start":{"line":68,"column":4},"end":{"line":150,"column":14},"skip":true},{"start":{"line":156,"column":4},"end":{"line":324,"column":14},"skip":true}]},"7":{"line":70,"type":"if","locations":[{"start":{"line":70,"column":12},"end":{"line":70,"column":12},"skip":true},{"start":{"line":70,"column":12},"end":{"line":70,"column":12},"skip":true}]},"8":{"line":70,"type":"binary-expr","locations":[{"start":{"line":70,"column":16},"end":{"line":70,"column":22},"skip":true},{"start":{"line":70,"column":27},"end":{"line":70,"column":32},"skip":true},{"start":{"line":71,"column":20},"end":{"line":71,"column":39},"skip":true},{"start":{"line":72,"column":20},"end":{"line":72,"column":49},"skip":true},{"start":{"line":73,"column":20},"end":{"line":73,"column":58},"skip":true},{"start":{"line":74,"column":20},"end":{"line":74,"column":69},"skip":true}]},"9":{"line":79,"type":"switch","locations":[{"start":{"line":80,"column":20},"end":{"line":80,"column":33},"skip":true},{"start":{"line":81,"column":20},"end":{"line":83,"column":30},"skip":true},{"start":{"line":84,"column":20},"end":{"line":85,"column":49},"skip":true}]},"10":{"line":89,"type":"switch","locations":[{"start":{"line":90,"column":12},"end":{"line":103,"column":22},"skip":true},{"start":{"line":105,"column":12},"end":{"line":106,"column":22},"skip":true}]},"11":{"line":89,"type":"binary-expr","locations":[{"start":{"line":89,"column":20},"end":{"line":89,"column":25},"skip":true},{"start":{"line":89,"column":29},"end":{"line":89,"column":48},"skip":true},{"start":{"line":89,"column":52},"end":{"line":89,"column":74},"skip":true}]},"12":{"line":92,"type":"if","locations":[{"start":{"line":92,"column":16},"end":{"line":92,"column":16},"skip":true},{"start":{"line":92,"column":16},"end":{"line":92,"column":16},"skip":true}]},"13":{"line":108,"type":"if","locations":[{"start":{"line":108,"column":12},"end":{"line":108,"column":12},"skip":true},{"start":{"line":108,"column":12},"end":{"line":108,"column":12},"skip":true}]},"14":{"line":108,"type":"binary-expr","locations":[{"start":{"line":108,"column":16},"end":{"line":108,"column":61},"skip":true},{"start":{"line":108,"column":66},"end":{"line":108,"column":72},"skip":true},{"start":{"line":108,"column":77},"end":{"line":108,"column":82},"skip":true},{"start":{"line":109,"column":20},"end":{"line":109,"column":39},"skip":true},{"start":{"line":110,"column":20},"end":{"line":110,"column":49},"skip":true},{"start":{"line":111,"column":20},"end":{"line":111,"column":58},"skip":true},{"start":{"line":112,"column":20},"end":{"line":112,"column":68},"skip":true}]},"15":{"line":129,"type":"if","locations":[{"start":{"line":129,"column":16},"end":{"line":129,"column":16},"skip":true},{"start":{"line":129,"column":16},"end":{"line":129,"column":16},"skip":true}]},"16":{"line":134,"type":"cond-expr","locations":[{"start":{"line":135,"column":26},"end":{"line":135,"column":29},"skip":true},{"start":{"line":136,"column":26},"end":{"line":136,"column":54},"skip":true}]},"17":{"line":164,"type":"binary-expr","locations":[{"start":{"line":164,"column":27},"end":{"line":164,"column":43},"skip":true},{"start":{"line":164,"column":47},"end":{"line":164,"column":49},"skip":true}]},"18":{"line":258,"type":"if","locations":[{"start":{"line":258,"column":8},"end":{"line":258,"column":8},"skip":true},{"start":{"line":258,"column":8},"end":{"line":258,"column":8},"skip":true}]},"19":{"line":275,"type":"switch","locations":[{"start":{"line":276,"column":20},"end":{"line":277,"column":64},"skip":true},{"start":{"line":278,"column":20},"end":{"line":279,"column":40},"skip":true},{"start":{"line":280,"column":20},"end":{"line":281,"column":40},"skip":true},{"start":{"line":282,"column":20},"end":{"line":283,"column":39},"skip":true}]},"20":{"line":288,"type":"if","locations":[{"start":{"line":288,"column":8},"end":{"line":288,"column":8},"skip":true},{"start":{"line":288,"column":8},"end":{"line":288,"column":8},"skip":true}]},"21":{"line":288,"type":"binary-expr","locations":[{"start":{"line":288,"column":12},"end":{"line":288,"column":40},"skip":true},{"start":{"line":288,"column":44},"end":{"line":288,"column":67},"skip":true}]},"22":{"line":292,"type":"binary-expr","locations":[{"start":{"line":292,"column":12},"end":{"line":292,"column":50},"skip":true},{"start":{"line":293,"column":12},"end":{"line":293,"column":53},"skip":true}]},"23":{"line":297,"type":"binary-expr","locations":[{"start":{"line":297,"column":12},"end":{"line":297,"column":71},"skip":true},{"start":{"line":298,"column":12},"end":{"line":301,"column":36},"skip":true}]},"24":{"line":303,"type":"binary-expr","locations":[{"start":{"line":303,"column":43},"end":{"line":303,"column":75},"skip":true},{"start":{"line":303,"column":79},"end":{"line":303,"column":81},"skip":true}]},"25":{"line":306,"type":"if","locations":[{"start":{"line":306,"column":8},"end":{"line":306,"column":8},"skip":true},{"start":{"line":306,"column":8},"end":{"line":306,"column":8},"skip":true}]},"26":{"line":310,"type":"if","locations":[{"start":{"line":310,"column":8},"end":{"line":310,"column":8},"skip":true},{"start":{"line":310,"column":8},"end":{"line":310,"column":8},"skip":true}]},"27":{"line":313,"type":"binary-expr","locations":[{"start":{"line":313,"column":27},"end":{"line":313,"column":43},"skip":true},{"start":{"line":313,"column":47},"end":{"line":313,"column":53},"skip":true}]},"28":{"line":317,"type":"if","locations":[{"start":{"line":317,"column":12},"end":{"line":317,"column":12},"skip":true},{"start":{"line":317,"column":12},"end":{"line":317,"column":12},"skip":true}]}},"code":["/*","example.js","","quickstart example","","instruction","    1. save this script as example.js","    2. run the shell command:","        $ npm install npmtest-ng-tags-input && PORT=8081 node example.js","    3. play with the browser-demo on http://127.0.0.1:8081","*/","","","","/* istanbul instrument in package npmtest_ng_tags_input */","/*jslint","    bitwise: true,","    browser: true,","    maxerr: 8,","    maxlen: 96,","    node: true,","    nomen: true,","    regexp: true,","    stupid: true","*/","(function () {","    'use strict';","    var local;","","","","    // run shared js-env code - pre-init","    (function () {","        // init local","        local = {};","        // init modeJs","        local.modeJs = (function () {","            try {","                return typeof navigator.userAgent === 'string' &&","                    typeof document.querySelector('body') === 'object' &&","                    typeof XMLHttpRequest.prototype.open === 'function' &&","                    'browser';","            } catch (errorCaughtBrowser) {","                return module.exports &&","                    typeof process.versions.node === 'string' &&","                    typeof require('http').createServer === 'function' &&","                    'node';","            }","        }());","        // init global","        local.global = local.modeJs === 'browser'","            ? window","            : global;","        // init utility2_rollup","        local = local.global.utility2_rollup || (local.modeJs === 'browser'","            ? local.global.utility2_npmtest_ng_tags_input","            : global.utility2_moduleExports);","        // export local","        local.global.local = local;","    }());","    switch (local.modeJs) {","","","","    // post-init","    // run browser js-env code - post-init","    /* istanbul ignore next */","    case 'browser':","        local.testRunBrowser = function (event) {","            if (!event || (event &&","                    event.currentTarget &&","                    event.currentTarget.className &&","                    event.currentTarget.className.includes &&","                    event.currentTarget.className.includes('onreset'))) {","                // reset output","                Array.from(","                    document.querySelectorAll('body > .resettable')","                ).forEach(function (element) {","                    switch (element.tagName) {","                    case 'INPUT':","                    case 'TEXTAREA':","                        element.value = '';","                        break;","                    default:","                        element.textContent = '';","                    }","                });","            }","            switch (event && event.currentTarget && event.currentTarget.id) {","            case 'testRunButton1':","                // show tests","                if (document.querySelector('#testReportDiv1').style.display === 'none') {","                    document.querySelector('#testReportDiv1').style.display = 'block';","                    document.querySelector('#testRunButton1').textContent =","                        'hide internal test';","                    local.modeTest = true;","                    local.testRunDefault(local);","                // hide tests","                } else {","                    document.querySelector('#testReportDiv1').style.display = 'none';","                    document.querySelector('#testRunButton1').textContent = 'run internal test';","                }","                break;","            // custom-case","            default:","                break;","            }","            if (document.querySelector('#inputTextareaEval1') && (!event || (event &&","                    event.currentTarget &&","                    event.currentTarget.className &&","                    event.currentTarget.className.includes &&","                    event.currentTarget.className.includes('oneval')))) {","                // try to eval input-code","                try {","                    /*jslint evil: true*/","                    eval(document.querySelector('#inputTextareaEval1').value);","                } catch (errorCaught) {","                    console.error(errorCaught);","                }","            }","        };","        // log stderr and stdout to #outputTextareaStdout1","        ['error', 'log'].forEach(function (key) {","            console[key + '_original'] = console[key];","            console[key] = function () {","                var element;","                console[key + '_original'].apply(console, arguments);","                element = document.querySelector('#outputTextareaStdout1');","                if (!element) {","                    return;","                }","                // append text to #outputTextareaStdout1","                element.value += Array.from(arguments).map(function (arg) {","                    return typeof arg === 'string'","                        ? arg","                        : JSON.stringify(arg, null, 4);","                }).join(' ') + '\\n';","                // scroll textarea to bottom","                element.scrollTop = element.scrollHeight;","            };","        });","        // init event-handling","        ['change', 'click', 'keyup'].forEach(function (event) {","            Array.from(document.querySelectorAll('.on' + event)).forEach(function (element) {","                element.addEventListener(event, local.testRunBrowser);","            });","        });","        // run tests","        local.testRunBrowser();","        break;","","","","    // run node js-env code - post-init","    /* istanbul ignore next */","    case 'node':","        // export local","        module.exports = local;","        // require modules","        local.fs = require('fs');","        local.http = require('http');","        local.url = require('url');","        // init assets","        local.assetsDict = local.assetsDict || {};","        /* jslint-ignore-begin */","        local.assetsDict['/assets.index.template.html'] = '\\","<!doctype html>\\n\\","<html lang=\"en\">\\n\\","<head>\\n\\","<meta charset=\"UTF-8\">\\n\\","<meta name=\"viewport\" content=\"width=device-width, initial-scale=1\">\\n\\","<title>{{env.npm_package_name}} (v{{env.npm_package_version}})</title>\\n\\","<style>\\n\\","/*csslint\\n\\","    box-sizing: false,\\n\\","    universal-selector: false\\n\\","*/\\n\\","* {\\n\\","    box-sizing: border-box;\\n\\","}\\n\\","body {\\n\\","    background: #dde;\\n\\","    font-family: Arial, Helvetica, sans-serif;\\n\\","    margin: 2rem;\\n\\","}\\n\\","body > * {\\n\\","    margin-bottom: 1rem;\\n\\","}\\n\\",".utility2FooterDiv {\\n\\","    margin-top: 20px;\\n\\","    text-align: center;\\n\\","}\\n\\","</style>\\n\\","<style>\\n\\","/*csslint\\n\\","*/\\n\\","textarea {\\n\\","    font-family: monospace;\\n\\","    height: 10rem;\\n\\","    width: 100%;\\n\\","}\\n\\","textarea[readonly] {\\n\\","    background: #ddd;\\n\\","}\\n\\","</style>\\n\\","</head>\\n\\","<body>\\n\\","<!-- utility2-comment\\n\\","<div id=\"ajaxProgressDiv1\" style=\"background: #d00; height: 2px; left: 0; margin: 0; padding: 0; position: fixed; top: 0; transition: background 0.5s, width 1.5s; width: 25%;\"></div>\\n\\","utility2-comment -->\\n\\","<h1>\\n\\","<!-- utility2-comment\\n\\","    <a\\n\\","        {{#if env.npm_package_homepage}}\\n\\","        href=\"{{env.npm_package_homepage}}\"\\n\\","        {{/if env.npm_package_homepage}}\\n\\","        target=\"_blank\"\\n\\","    >\\n\\","utility2-comment -->\\n\\","        {{env.npm_package_name}} (v{{env.npm_package_version}})\\n\\","<!-- utility2-comment\\n\\","    </a>\\n\\","utility2-comment -->\\n\\","</h1>\\n\\","<h3>{{env.npm_package_description}}</h3>\\n\\","<!-- utility2-comment\\n\\","<h4><a download href=\"assets.app.js\">download standalone app</a></h4>\\n\\","<button class=\"onclick onreset\" id=\"testRunButton1\">run internal test</button><br>\\n\\","<div id=\"testReportDiv1\" style=\"display: none;\"></div>\\n\\","utility2-comment -->\\n\\","\\n\\","\\n\\","\\n\\","<label>stderr and stdout</label>\\n\\","<textarea class=\"resettable\" id=\"outputTextareaStdout1\" readonly></textarea>\\n\\","<!-- utility2-comment\\n\\","{{#if isRollup}}\\n\\","<script src=\"assets.app.js\"></script>\\n\\","{{#unless isRollup}}\\n\\","utility2-comment -->\\n\\","<script src=\"assets.utility2.rollup.js\"></script>\\n\\","<script src=\"jsonp.utility2._stateInit?callback=window.utility2._stateInit\"></script>\\n\\","<script src=\"assets.npmtest_ng_tags_input.rollup.js\"></script>\\n\\","<script src=\"assets.example.js\"></script>\\n\\","<script src=\"assets.test.js\"></script>\\n\\","<!-- utility2-comment\\n\\","{{/if isRollup}}\\n\\","utility2-comment -->\\n\\","<div class=\"utility2FooterDiv\">\\n\\","    [ this app was created with\\n\\","    <a href=\"https://github.com/kaizhu256/node-utility2\" target=\"_blank\">utility2</a>\\n\\","    ]\\n\\","</div>\\n\\","</body>\\n\\","</html>\\n\\","';","        /* jslint-ignore-end */","        if (local.templateRender) {","            local.assetsDict['/'] = local.templateRender(","                local.assetsDict['/assets.index.template.html'],","                {","                    env: local.objectSetDefault(local.env, {","                        npm_package_description: 'the greatest app in the world!',","                        npm_package_name: 'my-app',","                        npm_package_nameAlias: 'my_app',","                        npm_package_version: '0.0.1'","                    })","                }","            );","        } else {","            local.assetsDict['/'] = local.assetsDict['/assets.index.template.html']","                .replace((/\\{\\{env\\.(\\w+?)\\}\\}/g), function (match0, match1) {","                    // jslint-hack","                    String(match0);","                    switch (match1) {","                    case 'npm_package_description':","                        return 'the greatest app in the world!';","                    case 'npm_package_name':","                        return 'my-app';","                    case 'npm_package_nameAlias':","                        return 'my_app';","                    case 'npm_package_version':","                        return '0.0.1';","                    }","                });","        }","        // run the cli","        if (local.global.utility2_rollup || module !== require.main) {","            break;","        }","        local.assetsDict['/assets.example.js'] =","            local.assetsDict['/assets.example.js'] ||","            local.fs.readFileSync(__filename, 'utf8');","        // bug-workaround - long $npm_package_buildCustomOrg","        /* jslint-ignore-begin */","        local.assetsDict['/assets.npmtest_ng_tags_input.rollup.js'] =","            local.assetsDict['/assets.npmtest_ng_tags_input.rollup.js'] ||","            local.fs.readFileSync(","                local.npmtest_ng_tags_input.__dirname + '/lib.npmtest_ng_tags_input.js',","                'utf8'","            ).replace((/^#!/), '//');","        /* jslint-ignore-end */","        local.assetsDict['/favicon.ico'] = local.assetsDict['/favicon.ico'] || '';","        // if $npm_config_timeout_exit exists,","        // then exit this process after $npm_config_timeout_exit ms","        if (Number(process.env.npm_config_timeout_exit)) {","            setTimeout(process.exit, Number(process.env.npm_config_timeout_exit));","        }","        // start server","        if (local.global.utility2_serverHttp1) {","            break;","        }","        process.env.PORT = process.env.PORT || '8081';","        console.error('server starting on port ' + process.env.PORT);","        local.http.createServer(function (request, response) {","            request.urlParsed = local.url.parse(request.url);","            if (local.assetsDict[request.urlParsed.pathname] !== undefined) {","                response.end(local.assetsDict[request.urlParsed.pathname]);","                return;","            }","            response.statusCode = 404;","            response.end();","        }).listen(process.env.PORT);","        break;","    }","}());",""],"l":{"26":2,"28":2,"33":2,"35":2,"37":2,"38":2,"39":2,"44":1,"51":2,"55":2,"59":2,"61":2,"69":1,"70":2,"76":2,"79":2,"82":2,"83":2,"85":1,"89":2,"92":1,"93":1,"94":1,"96":1,"97":1,"100":1,"101":1,"103":1,"106":1,"108":2,"114":1,"116":1,"118":1,"123":1,"124":2,"125":2,"126":3,"127":3,"128":3,"129":3,"130":1,"133":3,"134":3,"139":3,"143":1,"144":3,"145":1,"149":1,"150":1,"158":1,"160":1,"161":1,"162":1,"164":1,"166":1,"258":1,"259":1,"271":1,"274":6,"275":6,"277":1,"279":2,"281":1,"283":2,"288":1,"289":1,"291":1,"296":1,"303":1,"306":1,"307":1,"310":1,"311":1,"313":1,"314":1,"315":1,"316":1,"317":1,"318":1,"319":1,"321":1,"322":1,"324":1}},"/home/travis/build/npmtest/node-npmtest-ng-tags-input/node_modules/ng-tags-input/build/ng-tags-input.min.js":{"path":"/home/travis/build/npmtest/node-npmtest-ng-tags-input/node_modules/ng-tags-input/build/ng-tags-input.min.js","s":{"1":2,"2":2,"3":0,"4":1,"5":0,"6":0,"7":0,"8":0,"9":0,"10":0,"11":0,"12":0,"13":0,"14":0,"15":0,"16":0,"17":0,"18":0,"19":0,"20":0,"21":0,"22":0,"23":0,"24":0,"25":0,"26":0,"27":1,"28":0,"29":0,"30":0,"31":0,"32":0,"33":0,"34":0,"35":0,"36":0,"37":0,"38":0,"39":0,"40":0,"41":0,"42":0,"43":0,"44":0,"45":0,"46":0,"47":0,"48":0,"49":0,"50":0,"51":0,"52":0,"53":0,"54":0,"55":0,"56":0,"57":0,"58":0,"59":0,"60":0,"61":0,"62":0,"63":0,"64":0,"65":0,"66":0,"67":0,"68":0,"69":0,"70":0,"71":0,"72":0,"73":0,"74":0,"75":0,"76":0,"77":0,"78":0,"79":0,"80":0,"81":0,"82":0,"83":0,"84":0,"85":0,"86":0,"87":0,"88":0,"89":1,"90":0,"91":0,"92":0,"93":0,"94":0,"95":0,"96":0,"97":0,"98":0,"99":0,"100":0,"101":0,"102":0,"103":0,"104":0,"105":1,"106":0,"107":0,"108":0,"109":0,"110":0,"111":0,"112":0,"113":0,"114":0,"115":0,"116":0,"117":0,"118":0,"119":0,"120":0,"121":0,"122":0,"123":0,"124":0,"125":0,"126":0,"127":0,"128":0,"129":0,"130":0,"131":0,"132":0,"133":0,"134":0,"135":0,"136":0,"137":0,"138":0,"139":0,"140":0,"141":0,"142":0,"143":0,"144":0,"145":0,"146":0,"147":0,"148":0,"149":0,"150":0,"151":0,"152":0,"153":0,"154":0,"155":0,"156":0,"157":0,"158":0,"159":0,"160":0,"161":0,"162":0,"163":0,"164":0,"165":0,"166":0,"167":0,"168":0,"169":0,"170":0,"171":0,"172":0,"173":0,"174":0,"175":0,"176":0,"177":0,"178":0,"179":0,"180":0,"181":0,"182":0,"183":0,"184":0,"185":0,"186":1,"187":0,"188":0,"189":0,"190":0,"191":0,"192":0,"193":0,"194":0,"195":0,"196":0,"197":0,"198":0,"199":0,"200":0,"201":0,"202":0,"203":0,"204":0,"205":0,"206":0,"207":0,"208":0,"209":0,"210":0},"b":{"1":[0,0,0,0,0],"2":[0,0],"3":[0,0],"4":[0,0],"5":[0,0],"6":[0,0],"7":[0,0],"8":[0,0],"9":[0,0],"10":[0,0],"11":[0,0],"12":[0,0],"13":[0,0],"14":[0,0],"15":[0,0],"16":[0,0],"17":[0,0],"18":[0,0],"19":[0,0,0],"20":[0,0,0],"21":[0,0],"22":[0,0],"23":[0,0],"24":[0,0,0],"25":[0,0,0],"26":[0,0],"27":[0,0,0],"28":[0,0,0],"29":[0,0,0,0,0],"30":[0,0],"31":[0,0],"32":[0,0],"33":[0,0],"34":[0,0],"35":[0,0],"36":[0,0],"37":[0,0],"38":[0,0,0,0,0],"39":[0,0],"40":[0,0],"41":[0,0],"42":[0,0],"43":[0,0],"44":[0,0],"45":[0,0],"46":[0,0],"47":[0,0],"48":[0,0],"49":[0,0],"50":[0,0],"51":[0,0,0,0],"52":[0,0],"53":[0,0],"54":[0,0],"55":[0,0,0],"56":[0,0],"57":[0,0],"58":[0,0],"59":[0,0],"60":[0,0],"61":[0,0],"62":[0,0,0],"63":[0,0,0],"64":[0,0],"65":[0,0],"66":[0,0],"67":[0,0,0],"68":[0,0],"69":[0,0],"70":[0,0],"71":[0,0],"72":[0,0],"73":[0,0],"74":[0,0],"75":[0,0],"76":[0,0],"77":[0,0],"78":[0,0],"79":[0,0],"80":[0,0,0],"81":[0,0],"82":[0,0],"83":[0,0],"84":[0,0],"85":[0,0],"86":[0,0],"87":[0,0],"88":[0,0,0,0],"89":[0,0],"90":[0,0],"91":[0,0],"92":[0,0],"93":[0,0]},"f":{"1":2,"2":0,"3":0,"4":0,"5":0,"6":0,"7":0,"8":0,"9":0,"10":0,"11":0,"12":0,"13":0,"14":0,"15":0,"16":0,"17":0,"18":0,"19":0,"20":0,"21":0,"22":0,"23":0,"24":0,"25":0,"26":0,"27":0,"28":0,"29":0,"30":0,"31":0,"32":0,"33":0,"34":0,"35":0,"36":0,"37":0,"38":0,"39":0,"40":0,"41":0,"42":0,"43":0,"44":0,"45":0,"46":0,"47":0,"48":0,"49":0,"50":0,"51":0,"52":0,"53":0,"54":0,"55":0,"56":0,"57":0,"58":0,"59":0,"60":0,"61":0,"62":0,"63":0,"64":0,"65":0,"66":0,"67":0,"68":0,"69":0,"70":0,"71":0,"72":0,"73":0,"74":0,"75":0,"76":0,"77":0,"78":0,"79":0,"80":0,"81":0,"82":0,"83":0,"84":0,"85":0,"86":0,"87":0,"88":0,"89":0,"90":0,"91":0,"92":0,"93":0,"94":0,"95":0,"96":0,"97":0,"98":0,"99":0,"100":0,"101":0,"102":0,"103":0,"104":0,"105":0,"106":0,"107":0,"108":0,"109":0,"110":0,"111":0,"112":0,"113":0,"114":0,"115":0,"116":0,"117":0,"118":0,"119":0,"120":0,"121":0,"122":0,"123":0,"124":0,"125":0,"126":0,"127":0,"128":0,"129":0,"130":0,"131":0,"132":0,"133":0,"134":0,"135":0,"136":0,"137":0,"138":0,"139":0,"140":0,"141":0,"142":0,"143":0,"144":0,"145":0,"146":0,"147":0,"148":0,"149":0,"150":0,"151":0},"fnMap":{"1":{"name":"(anonymous_1)","line":1,"loc":{"start":{"line":1,"column":39},"end":{"line":1,"column":49}}},"2":{"name":"(anonymous_2)","line":1,"loc":{"start":{"line":1,"column":339},"end":{"line":1,"column":360}}},"3":{"name":"j","line":1,"loc":{"start":{"line":1,"column":361},"end":{"line":1,"column":380}}},"4":{"name":"(anonymous_4)","line":1,"loc":{"start":{"line":1,"column":407},"end":{"line":1,"column":418}}},"5":{"name":"(anonymous_5)","line":1,"loc":{"start":{"line":1,"column":466},"end":{"line":1,"column":479}}},"6":{"name":"(anonymous_6)","line":1,"loc":{"start":{"line":1,"column":506},"end":{"line":1,"column":517}}},"7":{"name":"(anonymous_7)","line":1,"loc":{"start":{"line":1,"column":731},"end":{"line":1,"column":742}}},"8":{"name":"(anonymous_8)","line":1,"loc":{"start":{"line":1,"column":815},"end":{"line":1,"column":826}}},"9":{"name":"(anonymous_9)","line":1,"loc":{"start":{"line":1,"column":866},"end":{"line":1,"column":877}}},"10":{"name":"(anonymous_10)","line":1,"loc":{"start":{"line":1,"column":973},"end":{"line":1,"column":983}}},"11":{"name":"(anonymous_11)","line":1,"loc":{"start":{"line":1,"column":1043},"end":{"line":1,"column":1053}}},"12":{"name":"(anonymous_12)","line":1,"loc":{"start":{"line":1,"column":1103},"end":{"line":1,"column":1114}}},"13":{"name":"(anonymous_13)","line":1,"loc":{"start":{"line":1,"column":1149},"end":{"line":1,"column":1159}}},"14":{"name":"(anonymous_14)","line":1,"loc":{"start":{"line":1,"column":1254},"end":{"line":1,"column":1265}}},"15":{"name":"(anonymous_15)","line":1,"loc":{"start":{"line":1,"column":1361},"end":{"line":1,"column":1371}}},"16":{"name":"(anonymous_16)","line":1,"loc":{"start":{"line":1,"column":1406},"end":{"line":1,"column":1416}}},"17":{"name":"(anonymous_17)","line":1,"loc":{"start":{"line":1,"column":1455},"end":{"line":1,"column":1465}}},"18":{"name":"(anonymous_18)","line":1,"loc":{"start":{"line":1,"column":1509},"end":{"line":1,"column":1519}}},"19":{"name":"(anonymous_19)","line":1,"loc":{"start":{"line":1,"column":1559},"end":{"line":1,"column":1569}}},"20":{"name":"k","line":1,"loc":{"start":{"line":1,"column":1635},"end":{"line":1,"column":1648}}},"21":{"name":"(anonymous_21)","line":1,"loc":{"start":{"line":1,"column":1985},"end":{"line":1,"column":2000}}},"22":{"name":"(anonymous_22)","line":1,"loc":{"start":{"line":1,"column":2882},"end":{"line":1,"column":2892}}},"23":{"name":"(anonymous_23)","line":1,"loc":{"start":{"line":1,"column":2923},"end":{"line":1,"column":2934}}},"24":{"name":"(anonymous_24)","line":1,"loc":{"start":{"line":1,"column":2968},"end":{"line":1,"column":2978}}},"25":{"name":"(anonymous_25)","line":1,"loc":{"start":{"line":1,"column":3021},"end":{"line":1,"column":3031}}},"26":{"name":"(anonymous_26)","line":1,"loc":{"start":{"line":1,"column":3067},"end":{"line":1,"column":3077}}},"27":{"name":"(anonymous_27)","line":1,"loc":{"start":{"line":1,"column":3113},"end":{"line":1,"column":3123}}},"28":{"name":"(anonymous_28)","line":1,"loc":{"start":{"line":1,"column":3151},"end":{"line":1,"column":3164}}},"29":{"name":"(anonymous_29)","line":1,"loc":{"start":{"line":1,"column":3221},"end":{"line":1,"column":3231}}},"30":{"name":"(anonymous_30)","line":1,"loc":{"start":{"line":1,"column":3250},"end":{"line":1,"column":3260}}},"31":{"name":"(anonymous_31)","line":1,"loc":{"start":{"line":1,"column":3289},"end":{"line":1,"column":3300}}},"32":{"name":"(anonymous_32)","line":1,"loc":{"start":{"line":1,"column":3343},"end":{"line":1,"column":3360}}},"33":{"name":"(anonymous_33)","line":1,"loc":{"start":{"line":1,"column":3535},"end":{"line":1,"column":3545}}},"34":{"name":"(anonymous_34)","line":1,"loc":{"start":{"line":1,"column":3736},"end":{"line":1,"column":3746}}},"35":{"name":"(anonymous_35)","line":1,"loc":{"start":{"line":1,"column":3749},"end":{"line":1,"column":3759}}},"36":{"name":"(anonymous_36)","line":1,"loc":{"start":{"line":1,"column":3787},"end":{"line":1,"column":3798}}},"37":{"name":"(anonymous_37)","line":1,"loc":{"start":{"line":1,"column":3835},"end":{"line":1,"column":3846}}},"38":{"name":"(anonymous_38)","line":1,"loc":{"start":{"line":1,"column":3953},"end":{"line":1,"column":3964}}},"39":{"name":"(anonymous_39)","line":1,"loc":{"start":{"line":1,"column":4023},"end":{"line":1,"column":4036}}},"40":{"name":"(anonymous_40)","line":1,"loc":{"start":{"line":1,"column":4138},"end":{"line":1,"column":4149}}},"41":{"name":"(anonymous_41)","line":1,"loc":{"start":{"line":1,"column":4282},"end":{"line":1,"column":4292}}},"42":{"name":"(anonymous_42)","line":1,"loc":{"start":{"line":1,"column":4335},"end":{"line":1,"column":4346}}},"43":{"name":"(anonymous_43)","line":1,"loc":{"start":{"line":1,"column":4394},"end":{"line":1,"column":4405}}},"44":{"name":"(anonymous_44)","line":1,"loc":{"start":{"line":1,"column":4442},"end":{"line":1,"column":4452}}},"45":{"name":"(anonymous_45)","line":1,"loc":{"start":{"line":1,"column":4512},"end":{"line":1,"column":4522}}},"46":{"name":"(anonymous_46)","line":1,"loc":{"start":{"line":1,"column":4525},"end":{"line":1,"column":4535}}},"47":{"name":"(anonymous_47)","line":1,"loc":{"start":{"line":1,"column":4654},"end":{"line":1,"column":4665}}},"48":{"name":"(anonymous_48)","line":1,"loc":{"start":{"line":1,"column":4680},"end":{"line":1,"column":4690}}},"49":{"name":"(anonymous_49)","line":1,"loc":{"start":{"line":1,"column":4868},"end":{"line":1,"column":4878}}},"50":{"name":"(anonymous_50)","line":1,"loc":{"start":{"line":1,"column":4908},"end":{"line":1,"column":4919}}},"51":{"name":"(anonymous_51)","line":1,"loc":{"start":{"line":1,"column":5102},"end":{"line":1,"column":5112}}},"52":{"name":"(anonymous_52)","line":1,"loc":{"start":{"line":1,"column":5160},"end":{"line":1,"column":5170}}},"53":{"name":"(anonymous_53)","line":1,"loc":{"start":{"line":1,"column":5228},"end":{"line":1,"column":5238}}},"54":{"name":"(anonymous_54)","line":1,"loc":{"start":{"line":1,"column":5280},"end":{"line":1,"column":5291}}},"55":{"name":"(anonymous_55)","line":1,"loc":{"start":{"line":1,"column":5340},"end":{"line":1,"column":5350}}},"56":{"name":"(anonymous_56)","line":1,"loc":{"start":{"line":1,"column":5411},"end":{"line":1,"column":5421}}},"57":{"name":"(anonymous_57)","line":1,"loc":{"start":{"line":1,"column":5500},"end":{"line":1,"column":5510}}},"58":{"name":"(anonymous_58)","line":1,"loc":{"start":{"line":1,"column":5629},"end":{"line":1,"column":5640}}},"59":{"name":"(anonymous_59)","line":1,"loc":{"start":{"line":1,"column":6105},"end":{"line":1,"column":6116}}},"60":{"name":"(anonymous_60)","line":1,"loc":{"start":{"line":1,"column":6310},"end":{"line":1,"column":6321}}},"61":{"name":"(anonymous_61)","line":1,"loc":{"start":{"line":1,"column":6415},"end":{"line":1,"column":6426}}},"62":{"name":"(anonymous_62)","line":1,"loc":{"start":{"line":1,"column":6504},"end":{"line":1,"column":6515}}},"63":{"name":"(anonymous_63)","line":1,"loc":{"start":{"line":1,"column":6649},"end":{"line":1,"column":6666}}},"64":{"name":"(anonymous_64)","line":1,"loc":{"start":{"line":1,"column":6790},"end":{"line":1,"column":6800}}},"65":{"name":"(anonymous_65)","line":1,"loc":{"start":{"line":1,"column":6864},"end":{"line":1,"column":6874}}},"66":{"name":"(anonymous_66)","line":1,"loc":{"start":{"line":1,"column":6924},"end":{"line":1,"column":6935}}},"67":{"name":"(anonymous_67)","line":1,"loc":{"start":{"line":1,"column":7044},"end":{"line":1,"column":7065}}},"68":{"name":"h","line":1,"loc":{"start":{"line":1,"column":7066},"end":{"line":1,"column":7083}}},"69":{"name":"(anonymous_69)","line":1,"loc":{"start":{"line":1,"column":7108},"end":{"line":1,"column":7118}}},"70":{"name":"(anonymous_70)","line":1,"loc":{"start":{"line":1,"column":7182},"end":{"line":1,"column":7195}}},"71":{"name":"(anonymous_71)","line":1,"loc":{"start":{"line":1,"column":7212},"end":{"line":1,"column":7223}}},"72":{"name":"(anonymous_72)","line":1,"loc":{"start":{"line":1,"column":7259},"end":{"line":1,"column":7272}}},"73":{"name":"(anonymous_73)","line":1,"loc":{"start":{"line":1,"column":7417},"end":{"line":1,"column":7427}}},"74":{"name":"(anonymous_74)","line":1,"loc":{"start":{"line":1,"column":7507},"end":{"line":1,"column":7517}}},"75":{"name":"(anonymous_75)","line":1,"loc":{"start":{"line":1,"column":7597},"end":{"line":1,"column":7610}}},"76":{"name":"(anonymous_76)","line":1,"loc":{"start":{"line":1,"column":7660},"end":{"line":1,"column":7671}}},"77":{"name":"(anonymous_77)","line":1,"loc":{"start":{"line":1,"column":7832},"end":{"line":1,"column":7842}}},"78":{"name":"(anonymous_78)","line":1,"loc":{"start":{"line":1,"column":7878},"end":{"line":1,"column":7888}}},"79":{"name":"(anonymous_79)","line":1,"loc":{"start":{"line":1,"column":7919},"end":{"line":1,"column":7930}}},"80":{"name":"i","line":1,"loc":{"start":{"line":1,"column":8059},"end":{"line":1,"column":8074}}},"81":{"name":"(anonymous_81)","line":1,"loc":{"start":{"line":1,"column":8429},"end":{"line":1,"column":8444}}},"82":{"name":"(anonymous_82)","line":1,"loc":{"start":{"line":1,"column":8888},"end":{"line":1,"column":8898}}},"83":{"name":"(anonymous_83)","line":1,"loc":{"start":{"line":1,"column":8917},"end":{"line":1,"column":8927}}},"84":{"name":"(anonymous_84)","line":1,"loc":{"start":{"line":1,"column":8955},"end":{"line":1,"column":8965}}},"85":{"name":"(anonymous_85)","line":1,"loc":{"start":{"line":1,"column":9006},"end":{"line":1,"column":9023}}},"86":{"name":"(anonymous_86)","line":1,"loc":{"start":{"line":1,"column":9167},"end":{"line":1,"column":9178}}},"87":{"name":"(anonymous_87)","line":1,"loc":{"start":{"line":1,"column":9291},"end":{"line":1,"column":9302}}},"88":{"name":"(anonymous_88)","line":1,"loc":{"start":{"line":1,"column":9350},"end":{"line":1,"column":9360}}},"89":{"name":"(anonymous_89)","line":1,"loc":{"start":{"line":1,"column":9452},"end":{"line":1,"column":9463}}},"90":{"name":"(anonymous_90)","line":1,"loc":{"start":{"line":1,"column":9549},"end":{"line":1,"column":9562}}},"91":{"name":"(anonymous_91)","line":1,"loc":{"start":{"line":1,"column":9704},"end":{"line":1,"column":9714}}},"92":{"name":"(anonymous_92)","line":1,"loc":{"start":{"line":1,"column":9745},"end":{"line":1,"column":9756}}},"93":{"name":"(anonymous_93)","line":1,"loc":{"start":{"line":1,"column":9813},"end":{"line":1,"column":9823}}},"94":{"name":"(anonymous_94)","line":1,"loc":{"start":{"line":1,"column":9916},"end":{"line":1,"column":9927}}},"95":{"name":"(anonymous_95)","line":1,"loc":{"start":{"line":1,"column":10329},"end":{"line":1,"column":10340}}},"96":{"name":"(anonymous_96)","line":1,"loc":{"start":{"line":1,"column":10406},"end":{"line":1,"column":10419}}},"97":{"name":"(anonymous_97)","line":1,"loc":{"start":{"line":1,"column":10556},"end":{"line":1,"column":10573}}},"98":{"name":"(anonymous_98)","line":1,"loc":{"start":{"line":1,"column":10690},"end":{"line":1,"column":10701}}},"99":{"name":"(anonymous_99)","line":1,"loc":{"start":{"line":1,"column":10805},"end":{"line":1,"column":10815}}},"100":{"name":"(anonymous_100)","line":1,"loc":{"start":{"line":1,"column":10933},"end":{"line":1,"column":10943}}},"101":{"name":"(anonymous_101)","line":1,"loc":{"start":{"line":1,"column":10951},"end":{"line":1,"column":10970}}},"102":{"name":"(anonymous_102)","line":1,"loc":{"start":{"line":1,"column":10973},"end":{"line":1,"column":10984}}},"103":{"name":"(anonymous_103)","line":1,"loc":{"start":{"line":1,"column":11046},"end":{"line":1,"column":11057}}},"104":{"name":"(anonymous_104)","line":1,"loc":{"start":{"line":1,"column":11101},"end":{"line":1,"column":11118}}},"105":{"name":"(anonymous_105)","line":1,"loc":{"start":{"line":1,"column":11326},"end":{"line":1,"column":11337}}},"106":{"name":"(anonymous_106)","line":1,"loc":{"start":{"line":1,"column":11595},"end":{"line":1,"column":11606}}},"107":{"name":"(anonymous_107)","line":1,"loc":{"start":{"line":1,"column":11660},"end":{"line":1,"column":11670}}},"108":{"name":"(anonymous_108)","line":1,"loc":{"start":{"line":1,"column":11678},"end":{"line":1,"column":11693}}},"109":{"name":"(anonymous_109)","line":1,"loc":{"start":{"line":1,"column":11717},"end":{"line":1,"column":11728}}},"110":{"name":"(anonymous_110)","line":1,"loc":{"start":{"line":1,"column":11747},"end":{"line":1,"column":11760}}},"111":{"name":"(anonymous_111)","line":1,"loc":{"start":{"line":1,"column":11812},"end":{"line":1,"column":11822}}},"112":{"name":"(anonymous_112)","line":1,"loc":{"start":{"line":1,"column":11858},"end":{"line":1,"column":11871}}},"113":{"name":"(anonymous_113)","line":1,"loc":{"start":{"line":1,"column":11920},"end":{"line":1,"column":11933}}},"114":{"name":"(anonymous_114)","line":1,"loc":{"start":{"line":1,"column":11984},"end":{"line":1,"column":11995}}},"115":{"name":"(anonymous_115)","line":1,"loc":{"start":{"line":1,"column":12039},"end":{"line":1,"column":12050}}},"116":{"name":"(anonymous_116)","line":1,"loc":{"start":{"line":1,"column":12077},"end":{"line":1,"column":12088}}},"117":{"name":"(anonymous_117)","line":1,"loc":{"start":{"line":1,"column":12109},"end":{"line":1,"column":12120}}},"118":{"name":"(anonymous_118)","line":1,"loc":{"start":{"line":1,"column":12155},"end":{"line":1,"column":12166}}},"119":{"name":"(anonymous_119)","line":1,"loc":{"start":{"line":1,"column":12209},"end":{"line":1,"column":12220}}},"120":{"name":"(anonymous_120)","line":1,"loc":{"start":{"line":1,"column":12249},"end":{"line":1,"column":12266}}},"121":{"name":"(anonymous_121)","line":1,"loc":{"start":{"line":1,"column":12273},"end":{"line":1,"column":12283}}},"122":{"name":"(anonymous_122)","line":1,"loc":{"start":{"line":1,"column":12325},"end":{"line":1,"column":12338}}},"123":{"name":"(anonymous_123)","line":1,"loc":{"start":{"line":1,"column":12388},"end":{"line":1,"column":12398}}},"124":{"name":"(anonymous_124)","line":1,"loc":{"start":{"line":1,"column":12454},"end":{"line":1,"column":12465}}},"125":{"name":"(anonymous_125)","line":1,"loc":{"start":{"line":1,"column":12524},"end":{"line":1,"column":12535}}},"126":{"name":"(anonymous_126)","line":1,"loc":{"start":{"line":1,"column":12653},"end":{"line":1,"column":12663}}},"127":{"name":"(anonymous_127)","line":1,"loc":{"start":{"line":1,"column":12715},"end":{"line":1,"column":12728}}},"128":{"name":"(anonymous_128)","line":1,"loc":{"start":{"line":1,"column":12756},"end":{"line":1,"column":12769}}},"129":{"name":"(anonymous_129)","line":1,"loc":{"start":{"line":1,"column":12783},"end":{"line":1,"column":12793}}},"130":{"name":"(anonymous_130)","line":1,"loc":{"start":{"line":1,"column":12826},"end":{"line":1,"column":12836}}},"131":{"name":"(anonymous_131)","line":1,"loc":{"start":{"line":1,"column":12877},"end":{"line":1,"column":12890}}},"132":{"name":"(anonymous_132)","line":1,"loc":{"start":{"line":1,"column":12987},"end":{"line":1,"column":12998}}},"133":{"name":"(anonymous_133)","line":1,"loc":{"start":{"line":1,"column":13050},"end":{"line":1,"column":13067}}},"134":{"name":"(anonymous_134)","line":1,"loc":{"start":{"line":1,"column":13116},"end":{"line":1,"column":13127}}},"135":{"name":"(anonymous_135)","line":1,"loc":{"start":{"line":1,"column":13187},"end":{"line":1,"column":13200}}},"136":{"name":"(anonymous_136)","line":1,"loc":{"start":{"line":1,"column":13291},"end":{"line":1,"column":13304}}},"137":{"name":"d","line":1,"loc":{"start":{"line":1,"column":13305},"end":{"line":1,"column":13318}}},"138":{"name":"(anonymous_138)","line":1,"loc":{"start":{"line":1,"column":13478},"end":{"line":1,"column":13489}}},"139":{"name":"(anonymous_139)","line":1,"loc":{"start":{"line":1,"column":13568},"end":{"line":1,"column":13579}}},"140":{"name":"(anonymous_140)","line":1,"loc":{"start":{"line":1,"column":13656},"end":{"line":1,"column":13667}}},"141":{"name":"(anonymous_141)","line":1,"loc":{"start":{"line":1,"column":13782},"end":{"line":1,"column":13795}}},"142":{"name":"(anonymous_142)","line":1,"loc":{"start":{"line":1,"column":13803},"end":{"line":1,"column":13813}}},"143":{"name":"(anonymous_143)","line":1,"loc":{"start":{"line":1,"column":13906},"end":{"line":1,"column":13917}}},"144":{"name":"(anonymous_144)","line":1,"loc":{"start":{"line":1,"column":13978},"end":{"line":1,"column":13989}}},"145":{"name":"(anonymous_145)","line":1,"loc":{"start":{"line":1,"column":14058},"end":{"line":1,"column":14069}}},"146":{"name":"(anonymous_146)","line":1,"loc":{"start":{"line":1,"column":14146},"end":{"line":1,"column":14156}}},"147":{"name":"(anonymous_147)","line":1,"loc":{"start":{"line":1,"column":14176},"end":{"line":1,"column":14191}}},"148":{"name":"(anonymous_148)","line":1,"loc":{"start":{"line":1,"column":14220},"end":{"line":1,"column":14231}}},"149":{"name":"(anonymous_149)","line":1,"loc":{"start":{"line":1,"column":14306},"end":{"line":1,"column":14319}}},"150":{"name":"(anonymous_150)","line":1,"loc":{"start":{"line":1,"column":14350},"end":{"line":1,"column":14361}}},"151":{"name":"(anonymous_151)","line":1,"loc":{"start":{"line":1,"column":14441},"end":{"line":1,"column":14452}}}},"statementMap":{"1":{"start":{"line":1,"column":38},"end":{"line":1,"column":16123}},"2":{"start":{"line":1,"column":63},"end":{"line":1,"column":249}},"3":{"start":{"line":1,"column":249},"end":{"line":1,"column":16119}},"4":{"start":{"line":1,"column":361},"end":{"line":1,"column":1635}},"5":{"start":{"line":1,"column":381},"end":{"line":1,"column":398}},"6":{"start":{"line":1,"column":398},"end":{"line":1,"column":1634}},"7":{"start":{"line":1,"column":419},"end":{"line":1,"column":462}},"8":{"start":{"line":1,"column":480},"end":{"line":1,"column":502}},"9":{"start":{"line":1,"column":518},"end":{"line":1,"column":675}},"10":{"start":{"line":1,"column":675},"end":{"line":1,"column":727}},"11":{"start":{"line":1,"column":743},"end":{"line":1,"column":792}},"12":{"start":{"line":1,"column":827},"end":{"line":1,"column":836}},"13":{"start":{"line":1,"column":836},"end":{"line":1,"column":858}},"14":{"start":{"line":1,"column":878},"end":{"line":1,"column":889}},"15":{"start":{"line":1,"column":889},"end":{"line":1,"column":1092}},"16":{"start":{"line":1,"column":984},"end":{"line":1,"column":1031}},"17":{"start":{"line":1,"column":1054},"end":{"line":1,"column":1090}},"18":{"start":{"line":1,"column":1115},"end":{"line":1,"column":1132}},"19":{"start":{"line":1,"column":1132},"end":{"line":1,"column":1243}},"20":{"start":{"line":1,"column":1160},"end":{"line":1,"column":1241}},"21":{"start":{"line":1,"column":1266},"end":{"line":1,"column":1345}},"22":{"start":{"line":1,"column":1372},"end":{"line":1,"column":1391}},"23":{"start":{"line":1,"column":1417},"end":{"line":1,"column":1436}},"24":{"start":{"line":1,"column":1466},"end":{"line":1,"column":1490}},"25":{"start":{"line":1,"column":1520},"end":{"line":1,"column":1546}},"26":{"start":{"line":1,"column":1570},"end":{"line":1,"column":1612}},"27":{"start":{"line":1,"column":1635},"end":{"line":1,"column":1673}},"28":{"start":{"line":1,"column":1649},"end":{"line":1,"column":1672}},"29":{"start":{"line":1,"column":1673},"end":{"line":1,"column":6466}},"30":{"start":{"line":1,"column":2001},"end":{"line":1,"column":3335}},"31":{"start":{"line":1,"column":2893},"end":{"line":1,"column":2909}},"32":{"start":{"line":1,"column":2909},"end":{"line":1,"column":3198}},"33":{"start":{"line":1,"column":2935},"end":{"line":1,"column":2958}},"34":{"start":{"line":1,"column":2979},"end":{"line":1,"column":3001}},"35":{"start":{"line":1,"column":3032},"end":{"line":1,"column":3054}},"36":{"start":{"line":1,"column":3078},"end":{"line":1,"column":3094}},"37":{"start":{"line":1,"column":3124},"end":{"line":1,"column":3146}},"38":{"start":{"line":1,"column":3165},"end":{"line":1,"column":3196}},"39":{"start":{"line":1,"column":3232},"end":{"line":1,"column":3334}},"40":{"start":{"line":1,"column":3261},"end":{"line":1,"column":3277}},"41":{"start":{"line":1,"column":3301},"end":{"line":1,"column":3332}},"42":{"start":{"line":1,"column":3361},"end":{"line":1,"column":3533}},"43":{"start":{"line":1,"column":3533},"end":{"line":1,"column":6464}},"44":{"start":{"line":1,"column":3546},"end":{"line":1,"column":3732}},"45":{"start":{"line":1,"column":3747},"end":{"line":1,"column":3774}},"46":{"start":{"line":1,"column":3760},"end":{"line":1,"column":3772}},"47":{"start":{"line":1,"column":3799},"end":{"line":1,"column":3818}},"48":{"start":{"line":1,"column":3847},"end":{"line":1,"column":3929}},"49":{"start":{"line":1,"column":3965},"end":{"line":1,"column":4007}},"50":{"start":{"line":1,"column":4037},"end":{"line":1,"column":4058}},"51":{"start":{"line":1,"column":4058},"end":{"line":1,"column":4120}},"52":{"start":{"line":1,"column":4150},"end":{"line":1,"column":4256}},"53":{"start":{"line":1,"column":4156},"end":{"line":1,"column":4226}},"54":{"start":{"line":1,"column":4219},"end":{"line":1,"column":4226}},"55":{"start":{"line":1,"column":4226},"end":{"line":1,"column":4240}},"56":{"start":{"line":1,"column":4246},"end":{"line":1,"column":4256}},"57":{"start":{"line":1,"column":4293},"end":{"line":1,"column":4310}},"58":{"start":{"line":1,"column":4347},"end":{"line":1,"column":4359}},"59":{"start":{"line":1,"column":4406},"end":{"line":1,"column":4434}},"60":{"start":{"line":1,"column":4453},"end":{"line":1,"column":4505}},"61":{"start":{"line":1,"column":4523},"end":{"line":1,"column":4646}},"62":{"start":{"line":1,"column":4536},"end":{"line":1,"column":4596}},"63":{"start":{"line":1,"column":4596},"end":{"line":1,"column":4644}},"64":{"start":{"line":1,"column":4666},"end":{"line":1,"column":4853}},"65":{"start":{"line":1,"column":4691},"end":{"line":1,"column":4761}},"66":{"start":{"line":1,"column":4761},"end":{"line":1,"column":4825}},"67":{"start":{"line":1,"column":4879},"end":{"line":1,"column":4894}},"68":{"start":{"line":1,"column":4920},"end":{"line":1,"column":4953}},"69":{"start":{"line":1,"column":5113},"end":{"line":1,"column":5130}},"70":{"start":{"line":1,"column":5171},"end":{"line":1,"column":5208}},"71":{"start":{"line":1,"column":5239},"end":{"line":1,"column":5258}},"72":{"start":{"line":1,"column":5292},"end":{"line":1,"column":5319}},"73":{"start":{"line":1,"column":5351},"end":{"line":1,"column":5391}},"74":{"start":{"line":1,"column":5422},"end":{"line":1,"column":5481}},"75":{"start":{"line":1,"column":5511},"end":{"line":1,"column":5607}},"76":{"start":{"line":1,"column":5641},"end":{"line":1,"column":5670}},"77":{"start":{"line":1,"column":5670},"end":{"line":1,"column":6290}},"78":{"start":{"line":1,"column":6117},"end":{"line":1,"column":6155}},"79":{"start":{"line":1,"column":6322},"end":{"line":1,"column":6462}},"80":{"start":{"line":1,"column":6339},"end":{"line":1,"column":6392}},"81":{"start":{"line":1,"column":6392},"end":{"line":1,"column":6461}},"82":{"start":{"line":1,"column":6427},"end":{"line":1,"column":6439}},"83":{"start":{"line":1,"column":6516},"end":{"line":1,"column":6950}},"84":{"start":{"line":1,"column":6667},"end":{"line":1,"column":6710}},"85":{"start":{"line":1,"column":6710},"end":{"line":1,"column":6948}},"86":{"start":{"line":1,"column":6801},"end":{"line":1,"column":6849}},"87":{"start":{"line":1,"column":6875},"end":{"line":1,"column":6896}},"88":{"start":{"line":1,"column":6936},"end":{"line":1,"column":6946}},"89":{"start":{"line":1,"column":7066},"end":{"line":1,"column":8059}},"90":{"start":{"line":1,"column":7084},"end":{"line":1,"column":7099}},"91":{"start":{"line":1,"column":7099},"end":{"line":1,"column":8058}},"92":{"start":{"line":1,"column":7119},"end":{"line":1,"column":7178}},"93":{"start":{"line":1,"column":7196},"end":{"line":1,"column":7407}},"94":{"start":{"line":1,"column":7224},"end":{"line":1,"column":7405}},"95":{"start":{"line":1,"column":7273},"end":{"line":1,"column":7403}},"96":{"start":{"line":1,"column":7428},"end":{"line":1,"column":7498}},"97":{"start":{"line":1,"column":7518},"end":{"line":1,"column":7577}},"98":{"start":{"line":1,"column":7611},"end":{"line":1,"column":7621}},"99":{"start":{"line":1,"column":7621},"end":{"line":1,"column":7649}},"100":{"start":{"line":1,"column":7649},"end":{"line":1,"column":7800}},"101":{"start":{"line":1,"column":7672},"end":{"line":1,"column":7798}},"102":{"start":{"line":1,"column":7843},"end":{"line":1,"column":7862}},"103":{"start":{"line":1,"column":7889},"end":{"line":1,"column":7908}},"104":{"start":{"line":1,"column":7931},"end":{"line":1,"column":8045}},"105":{"start":{"line":1,"column":8059},"end":{"line":1,"column":8268}},"106":{"start":{"line":1,"column":8075},"end":{"line":1,"column":8207}},"107":{"start":{"line":1,"column":8207},"end":{"line":1,"column":8267}},"108":{"start":{"line":1,"column":8268},"end":{"line":1,"column":10351}},"109":{"start":{"line":1,"column":8445},"end":{"line":1,"column":8998}},"110":{"start":{"line":1,"column":8899},"end":{"line":1,"column":8997}},"111":{"start":{"line":1,"column":8928},"end":{"line":1,"column":8944}},"112":{"start":{"line":1,"column":8966},"end":{"line":1,"column":8995}},"113":{"start":{"line":1,"column":9024},"end":{"line":1,"column":9138}},"114":{"start":{"line":1,"column":9138},"end":{"line":1,"column":10349}},"115":{"start":{"line":1,"column":9179},"end":{"line":1,"column":9229}},"116":{"start":{"line":1,"column":9303},"end":{"line":1,"column":9332}},"117":{"start":{"line":1,"column":9361},"end":{"line":1,"column":9370}},"118":{"start":{"line":1,"column":9370},"end":{"line":1,"column":9442}},"119":{"start":{"line":1,"column":9464},"end":{"line":1,"column":9526}},"120":{"start":{"line":1,"column":9563},"end":{"line":1,"column":9584}},"121":{"start":{"line":1,"column":9584},"end":{"line":1,"column":9650}},"122":{"start":{"line":1,"column":9715},"end":{"line":1,"column":9724}},"123":{"start":{"line":1,"column":9757},"end":{"line":1,"column":9793}},"124":{"start":{"line":1,"column":9824},"end":{"line":1,"column":9852}},"125":{"start":{"line":1,"column":9852},"end":{"line":1,"co
[...]
t":{"line":1,"column":12597},"end":{"line":1,"column":12624}}]},"77":{"line":1,"type":"binary-expr","locations":[{"start":{"line":1,"column":12497},"end":{"line":1,"column":12501}},{"start":{"line":1,"column":12503},"end":{"line":1,"column":12510}}]},"78":{"line":1,"type":"binary-expr","locations":[{"start":{"line":1,"column":12599},"end":{"line":1,"column":12603}},{"start":{"line":1,"column":12605},"end":{"line":1,"column":12623}}]},"79":{"line":1,"type":"if","locations":[{"start":{"line":1,"column":12891},"end":{"line":1,"column":12891}},{"start":{"line":1,"column":12891},"end":{"line":1,"column":12891}}]},"80":{"line":1,"type":"binary-expr","locations":[{"start":{"line":1,"column":12894},"end":{"line":1,"column":12913}},{"start":{"line":1,"column":12915},"end":{"line":1,"column":12927}},{"start":{"line":1,"column":12929},"end":{"line":1,"column":12951}}]},"81":{"line":1,"type":"binary-expr","locations":[{"start":{"line":1,"column":13088},"end":{"line":1,"column":13089}},{"start":{"line":1,"column":13091},"end":{"line":1,"column":13108}}]},"82":{"line":1,"type":"cond-expr","locations":[{"start":{"line":1,"column":13149},"end":{"line":1,"column":13155}},{"start":{"line":1,"column":13157},"end":{"line":1,"column":13163}}]},"83":{"line":1,"type":"if","locations":[{"start":{"line":1,"column":13369},"end":{"line":1,"column":13369}},{"start":{"line":1,"column":13369},"end":{"line":1,"column":13369}}]},"84":{"line":1,"type":"cond-expr","locations":[{"start":{"line":1,"column":13531},"end":{"line":1,"column":13547}},{"start":{"line":1,"column":13548},"end":{"line":1,"column":13549}}]},"85":{"line":1,"type":"cond-expr","locations":[{"start":{"line":1,"column":13619},"end":{"line":1,"column":13621}},{"start":{"line":1,"column":13622},"end":{"line":1,"column":13641}}]},"86":{"line":1,"type":"binary-expr","locations":[{"start":{"line":1,"column":13587},"end":{"line":1,"column":13609}},{"start":{"line":1,"column":13611},"end":{"line":1,"column":13618}}]},"87":{"line":1,"type":"cond-expr","locations":[{"start":{"line":1,"column":13874},"end":{"line":1,"column":13875}},{"start":{"line":1,"column":13876},"end":{"line":1,"column":13877}}]},"88":{"line":1,"type":"binary-expr","locations":[{"start":{"line":1,"column":13997},"end":{"line":1,"column":14007}},{"start":{"line":1,"column":14009},"end":{"line":1,"column":14018}},{"start":{"line":1,"column":14020},"end":{"line":1,"column":14028}},{"start":{"line":1,"column":14030},"end":{"line":1,"column":14039}}]},"89":{"line":1,"type":"cond-expr","locations":[{"start":{"line":1,"column":14102},"end":{"line":1,"column":14104}},{"start":{"line":1,"column":14105},"end":{"line":1,"column":14106}}]},"90":{"line":1,"type":"cond-expr","locations":[{"start":{"line":1,"column":14111},"end":{"line":1,"column":14117}},{"start":{"line":1,"column":14118},"end":{"line":1,"column":14126}}]},"91":{"line":1,"type":"binary-expr","locations":[{"start":{"line":1,"column":14232},"end":{"line":1,"column":14236}},{"start":{"line":1,"column":14239},"end":{"line":1,"column":14246}}]},"92":{"line":1,"type":"cond-expr","locations":[{"start":{"line":1,"column":14256},"end":{"line":1,"column":14266}},{"start":{"line":1,"column":14267},"end":{"line":1,"column":14274}}]},"93":{"line":1,"type":"binary-expr","locations":[{"start":{"line":1,"column":14326},"end":{"line":1,"column":14330}},{"start":{"line":1,"column":14332},"end":{"line":1,"column":14334}}]}},"code":["/*! ngTagsInput v3.2.0 License: MIT */!function(){\"use strict\";var a={backspace:8,tab:9,enter:13,escape:27,space:32,up:38,down:40,left:37,right:39,\"delete\":46,comma:188},b=9007199254740991,c=[\"text\",\"email\",\"url\"],d=angular.module(\"ngTagsInput\",[]);d.directive(\"tagsInput\",[\"$timeout\",\"$document\",\"$window\",\"$q\",\"tagsInputConfig\",\"tiUtil\",function(d,e,f,g,h,i){function j(a,b,c,d){var e,f,h,j,k={};return e=function(b){return i.safeToString(b[a.displayProperty])},f=function(b,c){b[a.displayProperty]=c},h=function(b){var d=e(b),f=d&&d.length>=a.minLength&&d.length<=a.maxLength&&a.allowedTagsPattern.test(d)&&!i.findInObjectArray(k.items,b,a.keyProperty||a.displayProperty);return g.when(f&&c({$tag:b})).then(i.promisifyValue)},j=function(a){return g.when(d({$tag:a})).then(i.promisifyValue)},k.items=[],k.addText=function(a){var b={};return f(b,a),k.add(b)},k.add=function(c){var d=e(c);return a.replaceSpacesWithDashes&&(d=i.replaceSpacesWithDashes(d)),f(c,d),h(c).then(function(){k.items.push(c),b.trigger(\"tag-added\",{$tag:c})})[\"catch\"](function(){d&&b.trigger(\"invalid-tag\",{$tag:c})})},k.remove=function(a){var c=k.items[a];return j(c).then(function(){return k.items.splice(a,1),k.clearSelection(),b.trigger(\"tag-removed\",{$tag:c}),c})},k.select=function(a){0>a?a=k.items.length-1:a>=k.items.length&&(a=0),k.index=a,k.selected=k.items[a]},k.selectPrior=function(){k.select(--k.index)},k.selectNext=function(){k.select(++k.index)},k.removeSelected=function(){return k.remove(k.index)},k.clearSelection=function(){k.selected=null,k.index=-1},k.getItems=function(){return a.useStrings?k.items.map(e):k.items},k.clearSelection(),k}function k(a){return-1!==c.indexOf(a)}return{restrict:\"E\",require:\"ngModel\",scope:{tags:\"=ngModel\",text:\"=?\",templateScope:\"=?\",tagClass:\"&\",onTagAdding:\"&\",onTagAdded:\"&\",onInvalidTag:\"&\",onTagRemoving:\"&\",onTagRemoved:\"&\",onTagClicked:\"&\"},replace:!1,transclude:!0,templateUrl:\"ngTagsInput/tags-input.html\",controller:[\"$scope\",\"$attrs\",\"$element\",function(a,c,d){a.events=i.simplePubSub(),h.load(\"tagsInput\",a,c,{template:[String,\"ngTagsInput/tag-item.html\"],type:[String,\"text\",k],placeholder:[String,\"Add a tag\"],tabindex:[Number,null],removeTagSymbol:[String,String.fromCharCode(215)],replaceSpacesWithDashes:[Boolean,!0],minLength:[Number,3],maxLength:[Number,b],addOnEnter:[Boolean,!0],addOnSpace:[Boolean,!1],addOnComma:[Boolean,!0],addOnBlur:[Boolean,!0],addOnPaste:[Boolean,!1],pasteSplitPattern:[RegExp,/,/],allowedTagsPattern:[RegExp,/.+/],enableEditingLastTag:[Boolean,!1],minTags:[Number,0],maxTags:[Number,b],displayProperty:[String,\"text\"],keyProperty:[String,\"\"],allowLeftoverText:[Boolean,!1],addFromAutocompleteOnly:[Boolean,!1],spellcheck:[Boolean,!0],useStrings:[Boolean,!1]}),a.tagList=new j(a.options,a.events,i.handleUndefinedResult(a.onTagAdding,!0),i.handleUndefinedResult(a.onTagRemoving,!0)),this.registerAutocomplete=function(){d.find(\"input\");return{addTag:function(b){return a.tagList.add(b)},getTags:function(){return a.tagList.items},getCurrentTagText:function(){return a.newTag.text()},getOptions:function(){return a.options},getTemplateScope:function(){return a.templateScope},on:function(b,c){return a.events.on(b,c,!0),this}}},this.registerTagItem=function(){return{getOptions:function(){return a.options},removeTag:function(b){a.disabled||a.tagList.remove(b)}}}}],link:function(b,c,g,h){var j,k,l=[a.enter,a.comma,a.space,a.backspace,a[\"delete\"],a.left,a.right],m=b.tagList,n=b.events,o=b.options,p=c.find(\"input\"),q=[\"minTags\",\"maxTags\",\"allowLeftoverText\"];j=function(){h.$setValidity(\"maxTags\",m.items.length<=o.maxTags),h.$setValidity(\"minTags\",m.items.length>=o.minTags),h.$setValidity(\"leftoverText\",b.hasFocus||o.allowLeftoverText?!0:!b.newTag.text())},k=function(){d(function(){p[0].focus()})},h.$isEmpty=function(a){return!a||!a.length},b.newTag={text:function(a){return angular.isDefined(a)?(b.text=a,void n.trigger(\"input-change\",a)):b.text||\"\"},invalid:null},b.track=function(a){return a[o.keyProperty||o.displayProperty]},b.getTagClass=function(a,c){var d=a===m.selected;return[b.tagClass({$tag:a,$index:c,$selected:d}),{selected:d}]},b.$watch(\"tags\",function(a){if(a){if(m.items=i.makeObjectArray(a,o.displayProperty),o.useStrings)return;b.tags=m.items}else m.items=[]}),b.$watch(\"tags.length\",function(){j(),h.$validate()}),g.$observe(\"disabled\",function(a){b.disabled=a}),b.eventHandlers={input:{keydown:function(a){n.trigger(\"input-keydown\",a)},focus:function(){b.hasFocus||(b.hasFocus=!0,n.trigger(\"input-focus\"))},blur:function(){d(function(){var a=e.prop(\"activeElement\"),d=a===p[0],f=c[0].contains(a);(d||!f)&&(b.hasFocus=!1,n.trigger(\"input-blur\"))})},paste:function(a){a.getTextData=function(){var b=a.clipboardData||a.originalEvent&&a.originalEvent.clipboardData;return b?b.getData(\"text/plain\"):f.clipboardData.getData(\"Text\")},n.trigger(\"input-paste\",a)}},host:{click:function(){b.disabled||k()}},tag:{click:function(a){n.trigger(\"tag-clicked\",{$tag:a})}}},n.on(\"tag-added\",b.onTagAdded).on(\"invalid-tag\",b.onInvalidTag).on(\"tag-removed\",b.onTagRemoved).on(\"tag-clicked\",b.onTagClicked).on(\"tag-added\",function(){b.newTag.text(\"\")}).on(\"tag-added tag-removed\",function(){b.tags=m.getItems(),h.$setDirty(),k()}).on(\"invalid-tag\",function(){b.newTag.invalid=!0}).on(\"option-change\",function(a){-1!==q.indexOf(a.name)&&j()}).on(\"input-change\",function(){m.clearSelection(),b.newTag.invalid=null}).on(\"input-focus\",function(){c.triggerHandler(\"focus\"),h.$setValidity(\"leftoverText\",!0)}).on(\"input-blur\",function(){o.addOnBlur&&!o.addFromAutocompleteOnly&&m.addText(b.newTag.text()),c.triggerHandler(\"blur\"),j()}).on(\"input-keydown\",function(c){var d,e,f,g,h=c.keyCode,j={};i.isModifierOn(c)||-1===l.indexOf(h)||(j[a.enter]=o.addOnEnter,j[a.comma]=o.addOnComma,j[a.space]=o.addOnSpace,d=!o.addFromAutocompleteOnly&&j[h],e=(h===a.backspace||h===a[\"delete\"])&&m.selected,g=h===a.backspace&&0===b.newTag.text().length&&o.enableEditingLastTag,f=(h===a.backspace||h===a.left||h===a.right)&&0===b.newTag.text().length&&!o.enableEditingLastTag,d?m.addText(b.newTag.text()):g?(m.selectPrior(),m.removeSelected().then(function(a){a&&b.newTag.text(a[o.displayProperty])})):e?m.removeSelected():f&&(h===a.left||h===a.backspace?m.selectPrior():h===a.right&&m.selectNext()),(d||f||e||g)&&c.preventDefault())}).on(\"input-paste\",function(a){if(o.addOnPaste){var b=a.getTextData(),c=b.split(o.pasteSplitPattern);c.length>1&&(c.forEach(function(a){m.addText(a)}),a.preventDefault())}})}}}]),d.directive(\"tiTagItem\",[\"tiUtil\",function(a){return{restrict:\"E\",require:\"^tagsInput\",template:'<ng-include src=\"$$template\"></ng-include>',scope:{$scope:\"=scope\",data:\"=\"},link:function(b,c,d,e){var f=e.registerTagItem(),g=f.getOptions();b.$$template=g.template,b.$$removeTagSymbol=g.removeTagSymbol,b.$getDisplayText=function(){return a.safeToString(b.data[g.displayProperty])},b.$removeTag=function(){f.removeTag(b.$index)},b.$watch(\"$parent.$index\",function(a){b.$index=a})}}}]),d.directive(\"autoComplete\",[\"$document\",\"$timeout\",\"$sce\",\"$q\",\"tagsInputConfig\",\"tiUtil\",function(b,c,d,e,f,g){function h(a,b,c){var d,f,h,i={};return h=function(){return b.tagsInput.keyProperty||b.tagsInput.displayProperty},d=function(a,c){return a.filter(function(a){return!g.findInObjectArray(c,a,h(),function(a,c){return b.tagsInput.replaceSpacesWithDashes&&(a=g.replaceSpacesWithDashes(a),c=g.replaceSpacesWithDashes(c)),g.defaultComparer(a,c)})})},i.reset=function(){f=null,i.items=[],i.visible=!1,i.index=-1,i.selected=null,i.query=null},i.show=function(){b.selectFirstMatch?i.select(0):i.selected=null,i.visible=!0},i.load=g.debounce(function(c,j){i.query=c;var k=e.when(a({$query:c}));f=k,k.then(function(a){k===f&&(a=g.makeObjectArray(a.data||a,h()),a=d(a,j),i.items=a.slice(0,b.maxResultsToShow),i.items.length>0?i.show():i.reset())})},b.debounceDelay),i.selectNext=function(){i.select(++i.index)},i.selectPrior=function(){i.select(--i.index)},i.select=function(a){0>a?a=i.items.length-1:a>=i.items.length&&(a=0),i.index=a,i.selected=i.items[a],c.trigger(\"suggestion-selected\",a)},i.reset(),i}function i(a,b){var c=a.find(\"li\").eq(b),d=c.parent(),e=c.prop(\"offsetTop\"),f=c.prop(\"offsetHeight\"),g=d.prop(\"clientHeight\"),h=d.prop(\"scrollTop\");h>e?d.prop(\"scrollTop\",e):e+f>g+h&&d.prop(\"scrollTop\",e+f-g)}return{restrict:\"E\",require:\"^tagsInput\",scope:{source:\"&\",matchClass:\"&\"},templateUrl:\"ngTagsInput/auto-complete.html\",controller:[\"$scope\",\"$element\",\"$attrs\",function(a,b,c){a.events=g.simplePubSub(),f.load(\"autoComplete\",a,c,{template:[String,\"ngTagsInput/auto-complete-match.html\"],debounceDelay:[Number,100],minLength:[Number,3],highlightMatchedText:[Boolean,!0],maxResultsToShow:[Number,10],loadOnDownArrow:[Boolean,!1],loadOnEmpty:[Boolean,!1],loadOnFocus:[Boolean,!1],selectFirstMatch:[Boolean,!0],displayProperty:[String,\"\"]}),a.suggestionList=new h(a.source,a.options,a.events),this.registerAutocompleteMatch=function(){return{getOptions:function(){return a.options},getQuery:function(){return a.suggestionList.query}}}}],link:function(b,c,d,e){var f,h=[a.enter,a.tab,a.escape,a.up,a.down],j=b.suggestionList,k=e.registerAutocomplete(),l=b.options,m=b.events;l.tagsInput=k.getOptions(),f=function(a){return a&&a.length>=l.minLength||!a&&l.loadOnEmpty},b.templateScope=k.getTemplateScope(),b.addSuggestionByIndex=function(a){j.select(a),b.addSuggestion()},b.addSuggestion=function(){var a=!1;return j.selected&&(k.addTag(angular.copy(j.selected)),j.reset(),a=!0),a},b.track=function(a){return a[l.tagsInput.keyProperty||l.tagsInput.displayProperty]},b.getSuggestionClass=function(a,c){var d=a===j.selected;return[b.matchClass({$match:a,$index:c,$selected:d}),{selected:d}]},k.on(\"tag-added tag-removed invalid-tag input-blur\",function(){j.reset()}).on(\"input-change\",function(a){f(a)?j.load(a,k.getTags()):j.reset()}).on(\"input-focus\",function(){var a=k.getCurrentTagText();l.loadOnFocus&&f(a)&&j.load(a,k.getTags())}).on(\"input-keydown\",function(c){var d=c.keyCode,e=!1;if(!g.isModifierOn(c)&&-1!==h.indexOf(d))return j.visible?d===a.down?(j.selectNext(),e=!0):d===a.up?(j.selectPrior(),e=!0):d===a.escape?(j.reset(),e=!0):(d===a.enter||d===a.tab)&&(e=b.addSuggestion()):d===a.down&&b.options.loadOnDownArrow&&(j.load(k.getCurrentTagText(),k.getTags()),e=!0),e?(c.preventDefault(),c.stopImmediatePropagation(),!1):void 0}),m.on(\"suggestion-selected\",function(a){i(c,a)})}}}]),d.directive(\"tiAutocompleteMatch\",[\"$sce\",\"tiUtil\",function(a,b){return{restrict:\"E\",require:\"^autoComplete\",template:'<ng-include src=\"$$template\"></ng-include>',scope:{$scope:\"=scope\",data:\"=\"},link:function(c,d,e,f){var g=f.registerAutocompleteMatch(),h=g.getOptions();c.$$template=h.template,c.$index=c.$parent.$index,c.$highlight=function(c){return h.highlightMatchedText&&(c=b.safeHighlight(c,g.getQuery())),a.trustAsHtml(c)},c.$getDisplayText=function(){return b.safeToString(c.data[h.displayProperty||h.tagsInput.displayProperty])}}}}]),d.directive(\"tiTranscludeAppend\",function(){return function(a,b,c,d,e){e(function(a){b.append(a)})}}),d.directive(\"tiAutosize\",[\"tagsInputConfig\",function(a){return{restrict:\"A\",require:\"ngModel\",link:function(b,c,d,e){var f,g,h=a.getTextAutosizeThreshold();f=angular.element('<span class=\"input\"></span>'),f.css(\"display\",\"none\").css(\"visibility\",\"hidden\").css(\"width\",\"auto\").css(\"white-space\",\"pre\"),c.parent().append(f),g=function(a){var b,e=a;return angular.isString(e)&&0===e.length&&(e=d.placeholder),e&&(f.text(e),f.css(\"display\",\"\"),b=f.prop(\"offsetWidth\"),f.css(\"display\",\"none\")),c.css(\"width\",b?b+h+\"px\":\"\"),a},e.$parsers.unshift(g),e.$formatters.unshift(g),d.$observe(\"placeholder\",function(a){e.$modelValue||g(a)})}}}]),d.directive(\"tiBindAttrs\",function(){return function(a,b,c){a.$watch(c.tiBindAttrs,function(a){angular.forEach(a,function(a,b){c.$set(b,a)})},!0)}}),d.provider(\"tagsInputConfig\",function(){var a={},b={},c=3;this.setDefaults=function(b,c){return a[b]=c,this},this.setActiveInterpolation=function(a,c){return b[a]=c,this},this.setTextAutosizeThreshold=function(a){return c=a,this},this.$get=[\"$interpolate\",function(d){var e={};return e[String]=function(a){return a},e[Number]=function(a){return parseInt(a,10)},e[Boolean]=function(a){return\"true\"===a.toLowerCase()},e[RegExp]=function(a){return new RegExp(a)},{load:function(c,f,g,h){var i=function(){return!0};f.options={},angular.forEach(h,function(h,j){var k,l,m,n,o,p;k=h[0],l=h[1],m=h[2]||i,n=e[k],o=function(){var b=a[c]&&a[c][j];return angular.isDefined(b)?b:l},p=function(a){f.options[j]=a&&m(a)?n(a):o()},b[c]&&b[c][j]?g.$observe(j,function(a){p(a),f.events.trigger(\"option-change\",{name:j,newValue:a})}):p(g[j]&&d(g[j])(f.$parent))})},getTextAutosizeThreshold:function(){return c}}}]}),d.factory(\"tiUtil\",[\"$timeout\",\"$q\",function(a,b){var c={};return c.debounce=function(b,c){var d;return function(){var e=arguments;a.cancel(d),d=a(function(){b.apply(null,e)},c)}},c.makeObjectArray=function(a,b){if(!angular.isArray(a)||0===a.length||angular.isObject(a[0]))return a;var c=[];return a.forEach(function(a){var d={};d[b]=a,c.push(d)}),c},c.findInObjectArray=function(a,b,d,e){var f=null;return e=e||c.defaultComparer,a.some(function(a){return e(a[d],b[d])?(f=a,!0):void 0}),f},c.defaultComparer=function(a,b){return c.safeToString(a).toLowerCase()===c.safeToString(b).toLowerCase()},c.safeHighlight=function(a,b){function d(a){return a.replace(/([.?*+^$[\\]\\\\(){}|-])/g,\"\\\\$1\")}if(a=c.encodeHTML(a),b=c.encodeHTML(b),!b)return a;var e=new RegExp(\"&[^;]+;|\"+d(b),\"gi\");return a.replace(e,function(a){return a.toLowerCase()===b.toLowerCase()?\"<em>\"+a+\"</em>\":a})},c.safeToString=function(a){return angular.isUndefined(a)||null==a?\"\":a.toString().trim()},c.encodeHTML=function(a){return c.safeToString(a).replace(/&/g,\"&amp;\").replace(/</g,\"&lt;\").replace(/>/g,\"&gt;\")},c.handleUndefinedResult=function(a,b){return function(){var c=a.apply(null,arguments);return angular.isUndefined(c)?b:c}},c.replaceSpacesWithDashes=function(a){return c.safeToString(a).replace(/\\s/g,\"-\")},c.isModifierOn=function(a){return a.shiftKey||a.ctrlKey||a.altKey||a.metaKey},c.promisifyValue=function(a){return a=angular.isUndefined(a)?!0:a,b[a?\"when\":\"reject\"]()},c.simplePubSub=function(){var a={};return{on:function(b,c,d){return b.split(\" \").forEach(function(b){a[b]||(a[b]=[]);var e=d?[].unshift:[].push;e.call(a[b],c)}),this},trigger:function(b,d){var e=a[b]||[];return e.every(function(a){return c.handleUndefinedResult(a,!0)(d)}),this}}},c}]),d.run([\"$templateCache\",function(a){a.put(\"ngTagsInput/tags-input.html\",'<div class=\"host\" tabindex=\"-1\" ng-click=\"eventHandlers.host.click()\" ti-transclude-append><div class=\"tags\" ng-class=\"{focused: hasFocus}\"><ul class=\"tag-list\"><li class=\"tag-item\" ng-repeat=\"tag in tagList.items track by track(tag)\" ng-class=\"getTagClass(tag, $index)\" ng-click=\"eventHandlers.tag.click(tag)\"><ti-tag-item scope=\"templateScope\" data=\"::tag\"></ti-tag-item></li></ul><input class=\"input\" autocomplete=\"off\" ng-model=\"newTag.text\" ng-model-options=\"{getterSetter: true}\" ng-keydown=\"eventHandlers.input.keydown($event)\" ng-focus=\"eventHandlers.input.focus($event)\" ng-blur=\"eventHandlers.input.blur($event)\" ng-paste=\"eventHandlers.input.paste($event)\" ng-trim=\"false\" ng-class=\"{\\'invalid-tag\\': newTag.invalid}\" ng-disabled=\"disabled\" ti-bind-attrs=\"{type: options.type, placeholder: options.placeholder, tabindex: options.tabindex, spellcheck: options.spellcheck}\" ti-autosize></div></div>'),a.put(\"ngTagsInput/tag-item.html\",'<span ng-bind=\"$getDisplayText()\"></span> <a class=\"remove-button\" ng-click=\"$removeTag()\" ng-bind=\"::$$removeTagSymbol\"></a>'),a.put(\"ngTagsInput/auto-complete.html\",'<div class=\"autocomplete\" ng-if=\"suggestionList.visible\"><ul class=\"suggestion-list\"><li class=\"suggestion-item\" ng-repeat=\"item in suggestionList.items track by track(item)\" ng-class=\"getSuggestionClass(item, $index)\" ng-click=\"addSuggestionByIndex($index)\" ng-mouseenter=\"suggestionList.select($index)\"><ti-autocomplete-match scope=\"templateScope\" data=\"::item\"></ti-autocomplete-match></li></ul></div>'),a.put(\"ngTagsInput/auto-complete-match.html\",'<span ng-bind-html=\"$highlight($getDisplayText())\"></span>')}])}();"],"l":{"1":2}}}